mode: set
github.com/leonardovalentini/crypto-coins/auth/main.go:7.13,9.2 1 0
github.com/leonardovalentini/crypto-coins/auth/app/app.go:23.20,33.29 2 0
github.com/leonardovalentini/crypto-coins/auth/app/app.go:33.29,34.25 1 0
github.com/leonardovalentini/crypto-coins/auth/app/app.go:34.25,36.4 1 0
github.com/leonardovalentini/crypto-coins/auth/app/app.go:47.14,59.76 9 0
github.com/leonardovalentini/crypto-coins/auth/app/app.go:59.76,62.3 2 0
github.com/leonardovalentini/crypto-coins/auth/app/app.go:63.2,74.88 8 0
github.com/leonardovalentini/crypto-coins/auth/app/app.go:78.29,87.16 8 0
github.com/leonardovalentini/crypto-coins/auth/app/app.go:87.16,89.3 1 0
github.com/leonardovalentini/crypto-coins/auth/app/app.go:91.2,95.37 4 0
github.com/leonardovalentini/crypto-coins/auth/app/app.go:95.37,97.3 1 0
github.com/leonardovalentini/crypto-coins/auth/app/app.go:98.2,99.15 2 0
github.com/leonardovalentini/crypto-coins/auth/domain/UserDb.go:17.58,19.2 1 1
github.com/leonardovalentini/crypto-coins/auth/domain/UserDb.go:21.96,28.16 5 1
github.com/leonardovalentini/crypto-coins/auth/domain/UserDb.go:28.16,31.27 3 1
github.com/leonardovalentini/crypto-coins/auth/domain/UserDb.go:31.27,33.4 1 1
github.com/leonardovalentini/crypto-coins/auth/domain/UserDb.go:34.3,34.72 1 1
github.com/leonardovalentini/crypto-coins/auth/domain/UserDb.go:37.2,37.19 1 1
github.com/leonardovalentini/crypto-coins/auth/domain/UserDb.go:40.77,45.16 4 1
github.com/leonardovalentini/crypto-coins/auth/domain/UserDb.go:45.16,48.3 2 1
github.com/leonardovalentini/crypto-coins/auth/domain/UserDb.go:50.2,51.16 2 1
github.com/leonardovalentini/crypto-coins/auth/domain/UserDb.go:51.16,54.3 2 1
github.com/leonardovalentini/crypto-coins/auth/domain/UserDb.go:55.2,57.16 2 1
github.com/leonardovalentini/crypto-coins/auth/domain/UserDb.go:60.103,65.16 4 1
github.com/leonardovalentini/crypto-coins/auth/domain/UserDb.go:65.16,67.3 1 1
github.com/leonardovalentini/crypto-coins/auth/domain/UserDb.go:69.2,69.21 1 1
github.com/leonardovalentini/crypto-coins/auth/handler/authHandler.go:18.63,20.2 1 0
github.com/leonardovalentini/crypto-coins/auth/handler/authHandler.go:22.58,41.2 5 0
github.com/leonardovalentini/crypto-coins/auth/handler/authHandler.go:57.69,63.16 5 0
github.com/leonardovalentini/crypto-coins/auth/handler/authHandler.go:63.16,66.3 2 0
github.com/leonardovalentini/crypto-coins/auth/handler/authHandler.go:68.2,69.73 2 0
github.com/leonardovalentini/crypto-coins/auth/handler/authHandler.go:86.72,92.16 5 0
github.com/leonardovalentini/crypto-coins/auth/handler/authHandler.go:92.16,95.3 2 0
github.com/leonardovalentini/crypto-coins/auth/handler/authHandler.go:97.2,97.83 1 0
github.com/leonardovalentini/crypto-coins/auth/handler/authHandler.go:112.70,115.16 3 0
github.com/leonardovalentini/crypto-coins/auth/handler/authHandler.go:115.16,118.3 2 0
github.com/leonardovalentini/crypto-coins/auth/handler/authHandler.go:120.2,121.16 2 0
github.com/leonardovalentini/crypto-coins/auth/handler/authHandler.go:121.16,124.3 2 0
github.com/leonardovalentini/crypto-coins/auth/handler/authHandler.go:126.2,127.48 2 0
github.com/leonardovalentini/crypto-coins/auth/handler/authHandler.go:142.70,144.16 2 0
github.com/leonardovalentini/crypto-coins/auth/handler/authHandler.go:144.16,147.3 2 0
github.com/leonardovalentini/crypto-coins/auth/handler/authHandler.go:149.2,158.73 3 0
github.com/leonardovalentini/crypto-coins/auth/handler/authHandler.go:161.59,163.16 2 0
github.com/leonardovalentini/crypto-coins/auth/handler/authHandler.go:163.16,166.3 2 0
github.com/leonardovalentini/crypto-coins/auth/handler/authHandler.go:168.2,168.20 1 0
github.com/leonardovalentini/crypto-coins/auth/service/authService.go:36.132,38.2 1 0
github.com/leonardovalentini/crypto-coins/auth/service/authService.go:40.106,42.16 2 0
github.com/leonardovalentini/crypto-coins/auth/service/authService.go:42.16,44.3 1 0
github.com/leonardovalentini/crypto-coins/auth/service/authService.go:46.2,47.16 2 0
github.com/leonardovalentini/crypto-coins/auth/service/authService.go:47.16,49.3 1 0
github.com/leonardovalentini/crypto-coins/auth/service/authService.go:51.2,52.16 2 0
github.com/leonardovalentini/crypto-coins/auth/service/authService.go:52.16,54.3 1 0
github.com/leonardovalentini/crypto-coins/auth/service/authService.go:55.2,68.8 4 0
github.com/leonardovalentini/crypto-coins/auth/service/authService.go:72.101,74.16 2 0
github.com/leonardovalentini/crypto-coins/auth/service/authService.go:74.16,76.3 1 0
github.com/leonardovalentini/crypto-coins/auth/service/authService.go:78.2,78.13 1 0
github.com/leonardovalentini/crypto-coins/auth/service/authService.go:78.13,80.3 1 0
github.com/leonardovalentini/crypto-coins/auth/service/authService.go:82.2,83.16 2 0
github.com/leonardovalentini/crypto-coins/auth/service/authService.go:83.16,85.3 1 0
github.com/leonardovalentini/crypto-coins/auth/service/authService.go:87.2,93.16 3 0
github.com/leonardovalentini/crypto-coins/auth/service/authService.go:93.16,95.3 1 0
github.com/leonardovalentini/crypto-coins/auth/service/authService.go:97.2,97.27 1 0
github.com/leonardovalentini/crypto-coins/auth/service/authService.go:100.58,104.2 3 0
github.com/leonardovalentini/crypto-coins/auth/service/authService.go:106.99,110.13 4 0
github.com/leonardovalentini/crypto-coins/auth/service/authService.go:110.13,114.3 3 0
github.com/leonardovalentini/crypto-coins/auth/service/authService.go:116.2,116.21 1 0
github.com/leonardovalentini/crypto-coins/auth/service/authService.go:119.63,121.35 2 0
github.com/leonardovalentini/crypto-coins/auth/service/authService.go:121.35,123.3 1 0
github.com/leonardovalentini/crypto-coins/auth/service/authService.go:124.2,125.20 2 0
github.com/leonardovalentini/crypto-coins/auth/app/app.go:23.20,33.29 2 0
github.com/leonardovalentini/crypto-coins/auth/app/app.go:33.29,34.25 1 0
github.com/leonardovalentini/crypto-coins/auth/app/app.go:34.25,36.4 1 0
github.com/leonardovalentini/crypto-coins/auth/app/app.go:47.14,59.76 9 0
github.com/leonardovalentini/crypto-coins/auth/app/app.go:59.76,62.3 2 0
github.com/leonardovalentini/crypto-coins/auth/app/app.go:63.2,74.88 8 0
github.com/leonardovalentini/crypto-coins/auth/app/app.go:78.29,87.16 8 0
github.com/leonardovalentini/crypto-coins/auth/app/app.go:87.16,89.3 1 0
github.com/leonardovalentini/crypto-coins/auth/app/app.go:91.2,95.37 4 0
github.com/leonardovalentini/crypto-coins/auth/app/app.go:95.37,97.3 1 0
github.com/leonardovalentini/crypto-coins/auth/app/app.go:98.2,99.15 2 0
github.com/leonardovalentini/crypto-coins/auth/main.go:7.13,9.2 1 0
github.com/leonardovalentini/crypto-coins/auth/main.go:7.13,9.2 1 0
github.com/leonardovalentini/crypto-coins/auth/app/app.go:23.20,33.29 2 0
github.com/leonardovalentini/crypto-coins/auth/app/app.go:33.29,34.25 1 0
github.com/leonardovalentini/crypto-coins/auth/app/app.go:34.25,36.4 1 0
github.com/leonardovalentini/crypto-coins/auth/app/app.go:47.14,59.76 9 0
github.com/leonardovalentini/crypto-coins/auth/app/app.go:59.76,62.3 2 0
github.com/leonardovalentini/crypto-coins/auth/app/app.go:63.2,74.88 8 0
github.com/leonardovalentini/crypto-coins/auth/app/app.go:78.29,87.16 8 0
github.com/leonardovalentini/crypto-coins/auth/app/app.go:87.16,89.3 1 0
github.com/leonardovalentini/crypto-coins/auth/app/app.go:91.2,95.37 4 0
github.com/leonardovalentini/crypto-coins/auth/app/app.go:95.37,97.3 1 0
github.com/leonardovalentini/crypto-coins/auth/app/app.go:98.2,99.15 2 0
github.com/leonardovalentini/crypto-coins/auth/domain/UserDb.go:17.58,19.2 1 0
github.com/leonardovalentini/crypto-coins/auth/domain/UserDb.go:21.96,28.16 5 0
github.com/leonardovalentini/crypto-coins/auth/domain/UserDb.go:28.16,31.27 3 0
github.com/leonardovalentini/crypto-coins/auth/domain/UserDb.go:31.27,33.4 1 0
github.com/leonardovalentini/crypto-coins/auth/domain/UserDb.go:34.3,34.72 1 0
github.com/leonardovalentini/crypto-coins/auth/domain/UserDb.go:37.2,37.19 1 0
github.com/leonardovalentini/crypto-coins/auth/domain/UserDb.go:40.77,45.16 4 0
github.com/leonardovalentini/crypto-coins/auth/domain/UserDb.go:45.16,48.3 2 0
github.com/leonardovalentini/crypto-coins/auth/domain/UserDb.go:50.2,51.16 2 0
github.com/leonardovalentini/crypto-coins/auth/domain/UserDb.go:51.16,54.3 2 0
github.com/leonardovalentini/crypto-coins/auth/domain/UserDb.go:55.2,57.16 2 0
github.com/leonardovalentini/crypto-coins/auth/domain/UserDb.go:60.103,65.16 4 0
github.com/leonardovalentini/crypto-coins/auth/domain/UserDb.go:65.16,67.3 1 0
github.com/leonardovalentini/crypto-coins/auth/domain/UserDb.go:69.2,69.21 1 0
github.com/leonardovalentini/crypto-coins/auth/handler/authHandler.go:18.63,20.2 1 1
github.com/leonardovalentini/crypto-coins/auth/handler/authHandler.go:22.58,41.2 5 1
github.com/leonardovalentini/crypto-coins/auth/handler/authHandler.go:57.69,63.16 5 1
github.com/leonardovalentini/crypto-coins/auth/handler/authHandler.go:63.16,66.3 2 1
github.com/leonardovalentini/crypto-coins/auth/handler/authHandler.go:68.2,69.73 2 1
github.com/leonardovalentini/crypto-coins/auth/handler/authHandler.go:86.72,92.16 5 1
github.com/leonardovalentini/crypto-coins/auth/handler/authHandler.go:92.16,95.3 2 1
github.com/leonardovalentini/crypto-coins/auth/handler/authHandler.go:97.2,97.83 1 1
github.com/leonardovalentini/crypto-coins/auth/handler/authHandler.go:112.70,115.16 3 1
github.com/leonardovalentini/crypto-coins/auth/handler/authHandler.go:115.16,118.3 2 1
github.com/leonardovalentini/crypto-coins/auth/handler/authHandler.go:120.2,121.16 2 1
github.com/leonardovalentini/crypto-coins/auth/handler/authHandler.go:121.16,124.3 2 1
github.com/leonardovalentini/crypto-coins/auth/handler/authHandler.go:126.2,127.48 2 1
github.com/leonardovalentini/crypto-coins/auth/handler/authHandler.go:142.70,144.16 2 1
github.com/leonardovalentini/crypto-coins/auth/handler/authHandler.go:144.16,147.3 2 1
github.com/leonardovalentini/crypto-coins/auth/handler/authHandler.go:149.2,158.73 3 1
github.com/leonardovalentini/crypto-coins/auth/handler/authHandler.go:161.59,163.16 2 1
github.com/leonardovalentini/crypto-coins/auth/handler/authHandler.go:163.16,166.3 2 1
github.com/leonardovalentini/crypto-coins/auth/handler/authHandler.go:168.2,168.20 1 1
github.com/leonardovalentini/crypto-coins/auth/service/authService.go:36.132,38.2 1 0
github.com/leonardovalentini/crypto-coins/auth/service/authService.go:40.106,42.16 2 0
github.com/leonardovalentini/crypto-coins/auth/service/authService.go:42.16,44.3 1 0
github.com/leonardovalentini/crypto-coins/auth/service/authService.go:46.2,47.16 2 0
github.com/leonardovalentini/crypto-coins/auth/service/authService.go:47.16,49.3 1 0
github.com/leonardovalentini/crypto-coins/auth/service/authService.go:51.2,52.16 2 0
github.com/leonardovalentini/crypto-coins/auth/service/authService.go:52.16,54.3 1 0
github.com/leonardovalentini/crypto-coins/auth/service/authService.go:55.2,68.8 4 0
github.com/leonardovalentini/crypto-coins/auth/service/authService.go:72.101,74.16 2 0
github.com/leonardovalentini/crypto-coins/auth/service/authService.go:74.16,76.3 1 0
github.com/leonardovalentini/crypto-coins/auth/service/authService.go:78.2,78.13 1 0
github.com/leonardovalentini/crypto-coins/auth/service/authService.go:78.13,80.3 1 0
github.com/leonardovalentini/crypto-coins/auth/service/authService.go:82.2,83.16 2 0
github.com/leonardovalentini/crypto-coins/auth/service/authService.go:83.16,85.3 1 0
github.com/leonardovalentini/crypto-coins/auth/service/authService.go:87.2,93.16 3 0
github.com/leonardovalentini/crypto-coins/auth/service/authService.go:93.16,95.3 1 0
github.com/leonardovalentini/crypto-coins/auth/service/authService.go:97.2,97.27 1 0
github.com/leonardovalentini/crypto-coins/auth/service/authService.go:100.58,104.2 3 0
github.com/leonardovalentini/crypto-coins/auth/service/authService.go:106.99,110.13 4 0
github.com/leonardovalentini/crypto-coins/auth/service/authService.go:110.13,114.3 3 0
github.com/leonardovalentini/crypto-coins/auth/service/authService.go:116.2,116.21 1 0
github.com/leonardovalentini/crypto-coins/auth/service/authService.go:119.63,121.35 2 0
github.com/leonardovalentini/crypto-coins/auth/service/authService.go:121.35,123.3 1 0
github.com/leonardovalentini/crypto-coins/auth/service/authService.go:124.2,125.20 2 0
github.com/leonardovalentini/crypto-coins/auth/main.go:7.13,9.2 1 0
github.com/leonardovalentini/crypto-coins/auth/app/app.go:23.20,33.29 2 0
github.com/leonardovalentini/crypto-coins/auth/app/app.go:33.29,34.25 1 0
github.com/leonardovalentini/crypto-coins/auth/app/app.go:34.25,36.4 1 0
github.com/leonardovalentini/crypto-coins/auth/app/app.go:47.14,59.76 9 0
github.com/leonardovalentini/crypto-coins/auth/app/app.go:59.76,62.3 2 0
github.com/leonardovalentini/crypto-coins/auth/app/app.go:63.2,74.88 8 0
github.com/leonardovalentini/crypto-coins/auth/app/app.go:78.29,87.16 8 0
github.com/leonardovalentini/crypto-coins/auth/app/app.go:87.16,89.3 1 0
github.com/leonardovalentini/crypto-coins/auth/app/app.go:91.2,95.37 4 0
github.com/leonardovalentini/crypto-coins/auth/app/app.go:95.37,97.3 1 0
github.com/leonardovalentini/crypto-coins/auth/app/app.go:98.2,99.15 2 0
github.com/leonardovalentini/crypto-coins/auth/domain/UserDb.go:17.58,19.2 1 0
github.com/leonardovalentini/crypto-coins/auth/domain/UserDb.go:21.96,28.16 5 0
github.com/leonardovalentini/crypto-coins/auth/domain/UserDb.go:28.16,31.27 3 0
github.com/leonardovalentini/crypto-coins/auth/domain/UserDb.go:31.27,33.4 1 0
github.com/leonardovalentini/crypto-coins/auth/domain/UserDb.go:34.3,34.72 1 0
github.com/leonardovalentini/crypto-coins/auth/domain/UserDb.go:37.2,37.19 1 0
github.com/leonardovalentini/crypto-coins/auth/domain/UserDb.go:40.77,45.16 4 0
github.com/leonardovalentini/crypto-coins/auth/domain/UserDb.go:45.16,48.3 2 0
github.com/leonardovalentini/crypto-coins/auth/domain/UserDb.go:50.2,51.16 2 0
github.com/leonardovalentini/crypto-coins/auth/domain/UserDb.go:51.16,54.3 2 0
github.com/leonardovalentini/crypto-coins/auth/domain/UserDb.go:55.2,57.16 2 0
github.com/leonardovalentini/crypto-coins/auth/domain/UserDb.go:60.103,65.16 4 0
github.com/leonardovalentini/crypto-coins/auth/domain/UserDb.go:65.16,67.3 1 0
github.com/leonardovalentini/crypto-coins/auth/domain/UserDb.go:69.2,69.21 1 0
github.com/leonardovalentini/crypto-coins/auth/handler/authHandler.go:18.63,20.2 1 0
github.com/leonardovalentini/crypto-coins/auth/handler/authHandler.go:22.58,41.2 5 0
github.com/leonardovalentini/crypto-coins/auth/handler/authHandler.go:57.69,63.16 5 0
github.com/leonardovalentini/crypto-coins/auth/handler/authHandler.go:63.16,66.3 2 0
github.com/leonardovalentini/crypto-coins/auth/handler/authHandler.go:68.2,69.73 2 0
github.com/leonardovalentini/crypto-coins/auth/handler/authHandler.go:86.72,92.16 5 0
github.com/leonardovalentini/crypto-coins/auth/handler/authHandler.go:92.16,95.3 2 0
github.com/leonardovalentini/crypto-coins/auth/handler/authHandler.go:97.2,97.83 1 0
github.com/leonardovalentini/crypto-coins/auth/handler/authHandler.go:112.70,115.16 3 0
github.com/leonardovalentini/crypto-coins/auth/handler/authHandler.go:115.16,118.3 2 0
github.com/leonardovalentini/crypto-coins/auth/handler/authHandler.go:120.2,121.16 2 0
github.com/leonardovalentini/crypto-coins/auth/handler/authHandler.go:121.16,124.3 2 0
github.com/leonardovalentini/crypto-coins/auth/handler/authHandler.go:126.2,127.48 2 0
github.com/leonardovalentini/crypto-coins/auth/handler/authHandler.go:142.70,144.16 2 0
github.com/leonardovalentini/crypto-coins/auth/handler/authHandler.go:144.16,147.3 2 0
github.com/leonardovalentini/crypto-coins/auth/handler/authHandler.go:149.2,158.73 3 0
github.com/leonardovalentini/crypto-coins/auth/handler/authHandler.go:161.59,163.16 2 0
github.com/leonardovalentini/crypto-coins/auth/handler/authHandler.go:163.16,166.3 2 0
github.com/leonardovalentini/crypto-coins/auth/handler/authHandler.go:168.2,168.20 1 0
github.com/leonardovalentini/crypto-coins/auth/service/authService.go:36.132,38.2 1 1
github.com/leonardovalentini/crypto-coins/auth/service/authService.go:40.106,42.16 2 1
github.com/leonardovalentini/crypto-coins/auth/service/authService.go:42.16,44.3 1 1
github.com/leonardovalentini/crypto-coins/auth/service/authService.go:46.2,47.16 2 1
github.com/leonardovalentini/crypto-coins/auth/service/authService.go:47.16,49.3 1 1
github.com/leonardovalentini/crypto-coins/auth/service/authService.go:51.2,52.16 2 1
github.com/leonardovalentini/crypto-coins/auth/service/authService.go:52.16,54.3 1 1
github.com/leonardovalentini/crypto-coins/auth/service/authService.go:55.2,68.8 4 1
github.com/leonardovalentini/crypto-coins/auth/service/authService.go:72.101,74.16 2 1
github.com/leonardovalentini/crypto-coins/auth/service/authService.go:74.16,76.3 1 1
github.com/leonardovalentini/crypto-coins/auth/service/authService.go:78.2,78.13 1 1
github.com/leonardovalentini/crypto-coins/auth/service/authService.go:78.13,80.3 1 1
github.com/leonardovalentini/crypto-coins/auth/service/authService.go:82.2,83.16 2 1
github.com/leonardovalentini/crypto-coins/auth/service/authService.go:83.16,85.3 1 1
github.com/leonardovalentini/crypto-coins/auth/service/authService.go:87.2,93.16 3 1
github.com/leonardovalentini/crypto-coins/auth/service/authService.go:93.16,95.3 1 1
github.com/leonardovalentini/crypto-coins/auth/service/authService.go:97.2,97.27 1 1
github.com/leonardovalentini/crypto-coins/auth/service/authService.go:100.58,104.2 3 1
github.com/leonardovalentini/crypto-coins/auth/service/authService.go:106.99,110.13 4 1
github.com/leonardovalentini/crypto-coins/auth/service/authService.go:110.13,114.3 3 1
github.com/leonardovalentini/crypto-coins/auth/service/authService.go:116.2,116.21 1 1
github.com/leonardovalentini/crypto-coins/auth/service/authService.go:119.63,121.35 2 1
github.com/leonardovalentini/crypto-coins/auth/service/authService.go:121.35,123.3 1 1
github.com/leonardovalentini/crypto-coins/auth/service/authService.go:124.2,125.20 2 1
