mode: set
github.com/leonardovalentini/crypto-coins/crypto/main.go:7.13,9.2 1 0
github.com/leonardovalentini/crypto-coins/crypto/app/app.go:24.20,38.29 2 0
github.com/leonardovalentini/crypto-coins/crypto/app/app.go:38.29,39.25 1 0
github.com/leonardovalentini/crypto-coins/crypto/app/app.go:39.25,41.4 1 0
github.com/leonardovalentini/crypto-coins/crypto/app/app.go:52.14,74.76 17 0
github.com/leonardovalentini/crypto-coins/crypto/app/app.go:74.76,77.3 2 0
github.com/leonardovalentini/crypto-coins/crypto/app/app.go:78.2,96.88 13 0
github.com/leonardovalentini/crypto-coins/crypto/app/app.go:100.29,109.16 8 0
github.com/leonardovalentini/crypto-coins/crypto/app/app.go:109.16,111.3 1 0
github.com/leonardovalentini/crypto-coins/crypto/app/app.go:113.2,117.37 4 0
github.com/leonardovalentini/crypto-coins/crypto/app/app.go:117.37,119.3 1 0
github.com/leonardovalentini/crypto-coins/crypto/app/app.go:120.2,121.15 2 0
github.com/leonardovalentini/crypto-coins/crypto/domain/BrokerSite1.go:21.69,23.2 1 1
github.com/leonardovalentini/crypto-coins/crypto/domain/BrokerSite1.go:24.40,24.62 1 1
github.com/leonardovalentini/crypto-coins/crypto/domain/BrokerSite1.go:26.93,36.16 8 1
github.com/leonardovalentini/crypto-coins/crypto/domain/BrokerSite1.go:36.16,39.3 2 1
github.com/leonardovalentini/crypto-coins/crypto/domain/BrokerSite1.go:40.2,44.16 5 1
github.com/leonardovalentini/crypto-coins/crypto/domain/BrokerSite1.go:44.16,47.3 2 1
github.com/leonardovalentini/crypto-coins/crypto/domain/BrokerSite1.go:48.2,50.38 2 1
github.com/leonardovalentini/crypto-coins/crypto/domain/BrokerSite1.go:50.38,53.3 2 1
github.com/leonardovalentini/crypto-coins/crypto/domain/BrokerSite1.go:55.2,57.16 3 1
github.com/leonardovalentini/crypto-coins/crypto/domain/BrokerSite1.go:57.16,60.3 2 1
github.com/leonardovalentini/crypto-coins/crypto/domain/BrokerSite1.go:62.2,63.16 2 1
github.com/leonardovalentini/crypto-coins/crypto/domain/BrokerSite1.go:63.16,66.3 2 1
github.com/leonardovalentini/crypto-coins/crypto/domain/BrokerSite1.go:68.2,69.9 2 1
github.com/leonardovalentini/crypto-coins/crypto/domain/BrokerSite1.go:69.9,72.3 2 1
github.com/leonardovalentini/crypto-coins/crypto/domain/BrokerSite1.go:74.2,76.9 2 1
github.com/leonardovalentini/crypto-coins/crypto/domain/BrokerSite1.go:76.9,79.3 2 1
github.com/leonardovalentini/crypto-coins/crypto/domain/BrokerSite1.go:81.2,81.20 1 1
github.com/leonardovalentini/crypto-coins/crypto/domain/BrokerSite2.go:21.69,23.2 1 1
github.com/leonardovalentini/crypto-coins/crypto/domain/BrokerSite2.go:25.40,25.66 1 1
github.com/leonardovalentini/crypto-coins/crypto/domain/BrokerSite2.go:27.93,37.16 8 1
github.com/leonardovalentini/crypto-coins/crypto/domain/BrokerSite2.go:37.16,40.3 2 1
github.com/leonardovalentini/crypto-coins/crypto/domain/BrokerSite2.go:41.2,46.16 6 1
github.com/leonardovalentini/crypto-coins/crypto/domain/BrokerSite2.go:46.16,49.3 2 1
github.com/leonardovalentini/crypto-coins/crypto/domain/BrokerSite2.go:50.2,52.38 2 1
github.com/leonardovalentini/crypto-coins/crypto/domain/BrokerSite2.go:52.38,55.3 2 1
github.com/leonardovalentini/crypto-coins/crypto/domain/BrokerSite2.go:57.2,60.16 3 1
github.com/leonardovalentini/crypto-coins/crypto/domain/BrokerSite2.go:60.16,63.3 2 1
github.com/leonardovalentini/crypto-coins/crypto/domain/BrokerSite2.go:65.2,67.16 2 1
github.com/leonardovalentini/crypto-coins/crypto/domain/BrokerSite2.go:67.16,70.3 2 1
github.com/leonardovalentini/crypto-coins/crypto/domain/BrokerSite2.go:72.2,73.25 2 1
github.com/leonardovalentini/crypto-coins/crypto/domain/BrokerSite2.go:73.25,76.3 2 1
github.com/leonardovalentini/crypto-coins/crypto/domain/BrokerSite2.go:78.2,80.9 2 1
github.com/leonardovalentini/crypto-coins/crypto/domain/BrokerSite2.go:80.9,83.3 2 1
github.com/leonardovalentini/crypto-coins/crypto/domain/BrokerSite2.go:85.2,85.20 1 1
github.com/leonardovalentini/crypto-coins/crypto/domain/PriceDb.go:19.60,21.2 1 1
github.com/leonardovalentini/crypto-coins/crypto/domain/PriceDb.go:23.80,28.16 4 1
github.com/leonardovalentini/crypto-coins/crypto/domain/PriceDb.go:28.16,31.3 2 1
github.com/leonardovalentini/crypto-coins/crypto/domain/PriceDb.go:33.2,34.16 2 1
github.com/leonardovalentini/crypto-coins/crypto/domain/PriceDb.go:34.16,37.3 2 1
github.com/leonardovalentini/crypto-coins/crypto/domain/PriceDb.go:38.2,39.16 2 1
github.com/leonardovalentini/crypto-coins/crypto/domain/PriceDb.go:42.119,63.16 11 1
github.com/leonardovalentini/crypto-coins/crypto/domain/PriceDb.go:63.16,67.3 3 1
github.com/leonardovalentini/crypto-coins/crypto/domain/PriceDb.go:69.2,69.19 1 1
github.com/leonardovalentini/crypto-coins/crypto/domain/PriceDb.go:69.19,71.3 1 1
github.com/leonardovalentini/crypto-coins/crypto/domain/PriceDb.go:73.2,73.20 1 1
github.com/leonardovalentini/crypto-coins/crypto/domain/PriceDb.go:76.127,99.16 9 1
github.com/leonardovalentini/crypto-coins/crypto/domain/PriceDb.go:99.16,103.3 3 1
github.com/leonardovalentini/crypto-coins/crypto/domain/PriceDb.go:105.2,107.32 3 1
github.com/leonardovalentini/crypto-coins/crypto/domain/PriceDb.go:107.32,108.29 1 1
github.com/leonardovalentini/crypto-coins/crypto/domain/PriceDb.go:108.29,110.27 2 1
github.com/leonardovalentini/crypto-coins/crypto/domain/PriceDb.go:110.27,112.5 1 1
github.com/leonardovalentini/crypto-coins/crypto/domain/PriceDb.go:113.4,113.35 1 1
github.com/leonardovalentini/crypto-coins/crypto/domain/PriceDb.go:116.3,116.33 1 1
github.com/leonardovalentini/crypto-coins/crypto/domain/PriceDb.go:116.33,117.30 1 1
github.com/leonardovalentini/crypto-coins/crypto/domain/PriceDb.go:117.30,119.5 1 1
github.com/leonardovalentini/crypto-coins/crypto/domain/PriceDb.go:120.4,120.38 1 1
github.com/leonardovalentini/crypto-coins/crypto/domain/PriceDb.go:123.3,123.29 1 1
github.com/leonardovalentini/crypto-coins/crypto/domain/PriceDb.go:123.29,124.27 1 1
github.com/leonardovalentini/crypto-coins/crypto/domain/PriceDb.go:124.27,126.5 1 1
github.com/leonardovalentini/crypto-coins/crypto/domain/PriceDb.go:127.4,127.35 1 1
github.com/leonardovalentini/crypto-coins/crypto/domain/PriceDb.go:132.2,132.30 1 1
github.com/leonardovalentini/crypto-coins/crypto/domain/PriceDb.go:135.72,139.21 3 1
github.com/leonardovalentini/crypto-coins/crypto/domain/PriceDb.go:139.21,142.3 2 1
github.com/leonardovalentini/crypto-coins/crypto/domain/PriceDb.go:144.2,144.24 1 1
github.com/leonardovalentini/crypto-coins/crypto/domain/PriceDb.go:144.24,147.3 2 1
github.com/leonardovalentini/crypto-coins/crypto/domain/PriceDb.go:149.2,149.22 1 1
github.com/leonardovalentini/crypto-coins/crypto/domain/PriceDb.go:149.22,152.3 2 1
github.com/leonardovalentini/crypto-coins/crypto/domain/PriceDb.go:154.2,154.26 1 1
github.com/leonardovalentini/crypto-coins/crypto/domain/PriceDb.go:154.26,157.3 2 1
github.com/leonardovalentini/crypto-coins/crypto/domain/PriceDb.go:159.2,159.24 1 1
github.com/leonardovalentini/crypto-coins/crypto/domain/PriceDb.go:159.24,162.3 2 1
github.com/leonardovalentini/crypto-coins/crypto/domain/PriceDb.go:164.2,164.21 1 1
github.com/leonardovalentini/crypto-coins/crypto/domain/PriceDb.go:164.21,167.3 2 1
github.com/leonardovalentini/crypto-coins/crypto/domain/PriceDb.go:169.2,170.25 2 1
github.com/leonardovalentini/crypto-coins/crypto/domain/PriceDb.go:170.25,172.3 1 1
github.com/leonardovalentini/crypto-coins/crypto/domain/PriceDb.go:173.2,173.21 1 1
github.com/leonardovalentini/crypto-coins/crypto/domain/PriceDb.go:176.94,188.2 6 1
github.com/leonardovalentini/crypto-coins/crypto/domain/UserCoinDb.go:18.66,20.2 1 1
github.com/leonardovalentini/crypto-coins/crypto/domain/UserCoinDb.go:22.100,30.16 5 1
github.com/leonardovalentini/crypto-coins/crypto/domain/UserCoinDb.go:30.16,32.3 1 1
github.com/leonardovalentini/crypto-coins/crypto/domain/UserCoinDb.go:34.2,34.23 1 1
github.com/leonardovalentini/crypto-coins/crypto/domain/UserCoinDb.go:37.110,45.16 5 1
github.com/leonardovalentini/crypto-coins/crypto/domain/UserCoinDb.go:45.16,47.3 1 1
github.com/leonardovalentini/crypto-coins/crypto/domain/UserCoinDb.go:49.2,49.23 1 1
github.com/leonardovalentini/crypto-coins/crypto/domain/UserCoinDb.go:52.116,59.16 5 1
github.com/leonardovalentini/crypto-coins/crypto/domain/UserCoinDb.go:59.16,60.36 1 1
github.com/leonardovalentini/crypto-coins/crypto/domain/UserCoinDb.go:60.36,62.4 1 1
github.com/leonardovalentini/crypto-coins/crypto/domain/UserCoinDb.go:64.3,64.93 1 1
github.com/leonardovalentini/crypto-coins/crypto/domain/UserCoinDb.go:67.2,67.23 1 1
github.com/leonardovalentini/crypto-coins/crypto/domain/UserCoinDb.go:70.93,78.16 5 1
github.com/leonardovalentini/crypto-coins/crypto/domain/UserCoinDb.go:78.16,80.3 1 1
github.com/leonardovalentini/crypto-coins/crypto/domain/UserCoinDb.go:82.2,82.23 1 1
github.com/leonardovalentini/crypto-coins/crypto/domain/UserCoinDb.go:85.89,90.16 4 1
github.com/leonardovalentini/crypto-coins/crypto/domain/UserCoinDb.go:90.16,92.59 2 1
github.com/leonardovalentini/crypto-coins/crypto/domain/UserCoinDb.go:92.59,95.4 2 0
github.com/leonardovalentini/crypto-coins/crypto/domain/UserCoinDb.go:96.3,97.72 2 1
github.com/leonardovalentini/crypto-coins/crypto/domain/UserCoinDb.go:100.2,101.16 2 1
github.com/leonardovalentini/crypto-coins/crypto/domain/UserCoinDb.go:101.16,104.3 2 1
github.com/leonardovalentini/crypto-coins/crypto/domain/UserCoinDb.go:105.2,106.16 2 1
github.com/leonardovalentini/crypto-coins/crypto/domain/UserCoinDb.go:109.91,114.16 4 1
github.com/leonardovalentini/crypto-coins/crypto/domain/UserCoinDb.go:114.16,117.3 2 1
github.com/leonardovalentini/crypto-coins/crypto/domain/UserCoinDb.go:119.2,120.16 2 1
github.com/leonardovalentini/crypto-coins/crypto/domain/UserCoinDb.go:120.16,123.3 2 0
github.com/leonardovalentini/crypto-coins/crypto/domain/UserCoinDb.go:125.2,125.23 1 1
github.com/leonardovalentini/crypto-coins/crypto/domain/UserCoinDb.go:125.23,128.3 2 0
github.com/leonardovalentini/crypto-coins/crypto/domain/UserCoinDb.go:130.2,130.16 1 1
github.com/leonardovalentini/crypto-coins/crypto/domain/UserCoinDb.go:133.77,137.16 3 1
github.com/leonardovalentini/crypto-coins/crypto/domain/UserCoinDb.go:137.16,141.3 3 1
github.com/leonardovalentini/crypto-coins/crypto/domain/UserCoinDb.go:143.2,143.12 1 1
github.com/leonardovalentini/crypto-coins/crypto/domain/price.go:16.48,22.2 1 1
github.com/leonardovalentini/crypto-coins/crypto/domain/price.go:33.44,42.2 1 1
github.com/leonardovalentini/crypto-coins/crypto/domain/userCoin.go:16.72,20.2 1 1
github.com/leonardovalentini/crypto-coins/crypto/domain/userCoin.go:22.50,28.2 1 1
github.com/leonardovalentini/crypto-coins/crypto/dto/price.go:28.70,31.28 3 0
github.com/leonardovalentini/crypto-coins/crypto/dto/price.go:31.28,33.3 1 0
github.com/leonardovalentini/crypto-coins/crypto/dto/price.go:35.2,36.42 2 0
github.com/leonardovalentini/crypto-coins/crypto/dto/price.go:36.42,38.3 1 0
github.com/leonardovalentini/crypto-coins/crypto/dto/price.go:39.2,44.26 2 0
github.com/leonardovalentini/crypto-coins/crypto/dto/price.go:44.26,47.3 2 0
github.com/leonardovalentini/crypto-coins/crypto/dto/price.go:49.2,49.30 1 0
github.com/leonardovalentini/crypto-coins/crypto/dto/price.go:49.30,52.3 2 0
github.com/leonardovalentini/crypto-coins/crypto/dto/price.go:54.2,54.27 1 0
github.com/leonardovalentini/crypto-coins/crypto/dto/price.go:54.27,56.17 2 0
github.com/leonardovalentini/crypto-coins/crypto/dto/price.go:56.17,58.4 1 0
github.com/leonardovalentini/crypto-coins/crypto/dto/price.go:59.3,59.26 1 0
github.com/leonardovalentini/crypto-coins/crypto/dto/price.go:62.2,62.32 1 0
github.com/leonardovalentini/crypto-coins/crypto/dto/price.go:62.32,64.17 2 0
github.com/leonardovalentini/crypto-coins/crypto/dto/price.go:64.17,66.4 1 0
github.com/leonardovalentini/crypto-coins/crypto/dto/price.go:67.3,67.34 1 0
github.com/leonardovalentini/crypto-coins/crypto/dto/price.go:70.2,70.30 1 0
github.com/leonardovalentini/crypto-coins/crypto/dto/price.go:70.30,72.17 2 0
github.com/leonardovalentini/crypto-coins/crypto/dto/price.go:72.17,74.4 1 0
github.com/leonardovalentini/crypto-coins/crypto/dto/price.go:75.3,75.30 1 0
github.com/leonardovalentini/crypto-coins/crypto/dto/price.go:78.2,78.26 1 0
github.com/leonardovalentini/crypto-coins/crypto/dto/price.go:78.26,81.3 2 0
github.com/leonardovalentini/crypto-coins/crypto/dto/price.go:83.2,83.23 1 0
github.com/leonardovalentini/crypto-coins/crypto/dto/price.go:86.46,87.63 1 0
github.com/leonardovalentini/crypto-coins/crypto/dto/price.go:87.63,89.3 1 0
github.com/leonardovalentini/crypto-coins/crypto/dto/price.go:91.2,91.69 1 0
github.com/leonardovalentini/crypto-coins/crypto/dto/price.go:91.69,93.3 1 0
github.com/leonardovalentini/crypto-coins/crypto/dto/price.go:95.2,95.65 1 0
github.com/leonardovalentini/crypto-coins/crypto/dto/price.go:95.65,97.3 1 0
github.com/leonardovalentini/crypto-coins/crypto/dto/price.go:99.2,99.61 1 0
github.com/leonardovalentini/crypto-coins/crypto/dto/price.go:99.61,101.3 1 0
github.com/leonardovalentini/crypto-coins/crypto/dto/price.go:103.2,103.57 1 0
github.com/leonardovalentini/crypto-coins/crypto/dto/price.go:103.57,105.3 1 0
github.com/leonardovalentini/crypto-coins/crypto/dto/price.go:107.2,107.82 1 0
github.com/leonardovalentini/crypto-coins/crypto/dto/price.go:107.82,109.3 1 0
github.com/leonardovalentini/crypto-coins/crypto/dto/price.go:110.2,110.12 1 0
github.com/leonardovalentini/crypto-coins/crypto/dto/userCoin.go:18.44,19.22 1 0
github.com/leonardovalentini/crypto-coins/crypto/dto/userCoin.go:19.22,21.3 1 0
github.com/leonardovalentini/crypto-coins/crypto/dto/userCoin.go:23.2,23.25 1 0
github.com/leonardovalentini/crypto-coins/crypto/dto/userCoin.go:23.25,25.3 1 0
github.com/leonardovalentini/crypto-coins/crypto/dto/userCoin.go:27.2,27.12 1 0
github.com/leonardovalentini/crypto-coins/crypto/handler/coinsPriceHandler.go:23.81,28.2 3 0
github.com/leonardovalentini/crypto-coins/crypto/handler/coinsPriceHandler.go:30.70,37.2 2 0
github.com/leonardovalentini/crypto-coins/crypto/handler/coinsPriceHandler.go:39.71,46.2 2 0
github.com/leonardovalentini/crypto-coins/crypto/handler/coinsPriceHandler.go:58.85,61.9 2 0
github.com/leonardovalentini/crypto-coins/crypto/handler/coinsPriceHandler.go:62.25,62.25 0 0
github.com/leonardovalentini/crypto-coins/crypto/handler/coinsPriceHandler.go:63.10,68.9 5 0
github.com/leonardovalentini/crypto-coins/crypto/handler/coinsPriceHandler.go:70.2,70.15 1 0
github.com/leonardovalentini/crypto-coins/crypto/handler/coinsPriceHandler.go:70.15,72.3 1 0
github.com/leonardovalentini/crypto-coins/crypto/handler/coinsPriceHandler.go:74.2,78.29 4 0
github.com/leonardovalentini/crypto-coins/crypto/handler/coinsPriceHandler.go:102.82,106.16 4 0
github.com/leonardovalentini/crypto-coins/crypto/handler/coinsPriceHandler.go:106.16,109.3 2 0
github.com/leonardovalentini/crypto-coins/crypto/handler/coinsPriceHandler.go:111.2,112.16 2 0
github.com/leonardovalentini/crypto-coins/crypto/handler/coinsPriceHandler.go:112.16,116.3 3 0
github.com/leonardovalentini/crypto-coins/crypto/handler/coinsPriceHandler.go:117.2,118.16 2 0
github.com/leonardovalentini/crypto-coins/crypto/handler/coinsPriceHandler.go:118.16,122.3 3 0
github.com/leonardovalentini/crypto-coins/crypto/handler/coinsPriceHandler.go:124.2,125.16 2 0
github.com/leonardovalentini/crypto-coins/crypto/handler/coinsPriceHandler.go:125.16,129.3 3 0
github.com/leonardovalentini/crypto-coins/crypto/handler/coinsPriceHandler.go:131.2,132.31 2 0
github.com/leonardovalentini/crypto-coins/crypto/handler/coinsPriceHandler.go:132.31,134.3 1 0
github.com/leonardovalentini/crypto-coins/crypto/handler/coinsPriceHandler.go:136.2,146.55 3 0
github.com/leonardovalentini/crypto-coins/crypto/handler/userCoinHandler.go:19.75,21.2 1 0
github.com/leonardovalentini/crypto-coins/crypto/handler/userCoinHandler.go:23.69,42.2 5 0
github.com/leonardovalentini/crypto-coins/crypto/handler/userCoinHandler.go:56.83,59.16 3 0
github.com/leonardovalentini/crypto-coins/crypto/handler/userCoinHandler.go:59.16,62.3 2 0
github.com/leonardovalentini/crypto-coins/crypto/handler/userCoinHandler.go:64.2,65.16 2 0
github.com/leonardovalentini/crypto-coins/crypto/handler/userCoinHandler.go:65.16,68.3 2 0
github.com/leonardovalentini/crypto-coins/crypto/handler/userCoinHandler.go:69.2,71.37 2 0
github.com/leonardovalentini/crypto-coins/crypto/handler/userCoinHandler.go:71.37,73.3 1 0
github.com/leonardovalentini/crypto-coins/crypto/handler/userCoinHandler.go:75.2,75.63 1 0
github.com/leonardovalentini/crypto-coins/crypto/handler/userCoinHandler.go:94.79,97.16 3 0
github.com/leonardovalentini/crypto-coins/crypto/handler/userCoinHandler.go:97.16,100.3 2 0
github.com/leonardovalentini/crypto-coins/crypto/handler/userCoinHandler.go:102.2,103.65 2 0
github.com/leonardovalentini/crypto-coins/crypto/handler/userCoinHandler.go:103.65,106.3 2 0
github.com/leonardovalentini/crypto-coins/crypto/handler/userCoinHandler.go:108.2,109.16 2 0
github.com/leonardovalentini/crypto-coins/crypto/handler/userCoinHandler.go:109.16,112.3 2 0
github.com/leonardovalentini/crypto-coins/crypto/handler/userCoinHandler.go:114.2,114.62 1 0
github.com/leonardovalentini/crypto-coins/crypto/handler/userCoinHandler.go:135.82,138.16 3 0
github.com/leonardovalentini/crypto-coins/crypto/handler/userCoinHandler.go:138.16,141.3 2 0
github.com/leonardovalentini/crypto-coins/crypto/handler/userCoinHandler.go:143.2,148.65 4 0
github.com/leonardovalentini/crypto-coins/crypto/handler/userCoinHandler.go:148.65,151.3 2 0
github.com/leonardovalentini/crypto-coins/crypto/handler/userCoinHandler.go:153.2,154.16 2 0
github.com/leonardovalentini/crypto-coins/crypto/handler/userCoinHandler.go:154.16,157.3 2 0
github.com/leonardovalentini/crypto-coins/crypto/handler/userCoinHandler.go:159.2,161.62 2 0
github.com/leonardovalentini/crypto-coins/crypto/handler/userCoinHandler.go:178.82,181.16 3 0
github.com/leonardovalentini/crypto-coins/crypto/handler/userCoinHandler.go:181.16,184.3 2 0
github.com/leonardovalentini/crypto-coins/crypto/handler/userCoinHandler.go:186.2,190.16 4 0
github.com/leonardovalentini/crypto-coins/crypto/handler/userCoinHandler.go:190.16,193.3 2 0
github.com/leonardovalentini/crypto-coins/crypto/handler/userCoinHandler.go:195.2,195.65 1 0
github.com/leonardovalentini/crypto-coins/crypto/service/coinsPriceService.go:28.165,30.2 1 0
github.com/leonardovalentini/crypto-coins/crypto/service/coinsPriceService.go:32.156,34.16 2 0
github.com/leonardovalentini/crypto-coins/crypto/service/coinsPriceService.go:34.16,36.3 1 0
github.com/leonardovalentini/crypto-coins/crypto/service/coinsPriceService.go:37.2,38.16 2 0
github.com/leonardovalentini/crypto-coins/crypto/service/coinsPriceService.go:38.16,40.3 1 0
github.com/leonardovalentini/crypto-coins/crypto/service/coinsPriceService.go:41.2,41.36 1 0
github.com/leonardovalentini/crypto-coins/crypto/service/coinsPriceService.go:44.67,46.15 2 0
github.com/leonardovalentini/crypto-coins/crypto/service/coinsPriceService.go:46.15,47.35 1 0
github.com/leonardovalentini/crypto-coins/crypto/service/coinsPriceService.go:47.35,49.4 1 0
github.com/leonardovalentini/crypto-coins/crypto/service/coinsPriceService.go:52.2,53.16 2 0
github.com/leonardovalentini/crypto-coins/crypto/service/coinsPriceService.go:53.16,56.3 2 0
github.com/leonardovalentini/crypto-coins/crypto/service/coinsPriceService.go:58.2,59.28 2 0
github.com/leonardovalentini/crypto-coins/crypto/service/coinsPriceService.go:59.28,61.81 2 0
github.com/leonardovalentini/crypto-coins/crypto/service/coinsPriceService.go:61.81,65.4 2 0
github.com/leonardovalentini/crypto-coins/crypto/service/coinsPriceService.go:67.2,67.11 1 0
github.com/leonardovalentini/crypto-coins/crypto/service/coinsPriceService.go:70.120,76.29 4 0
github.com/leonardovalentini/crypto-coins/crypto/service/coinsPriceService.go:76.29,80.76 3 0
github.com/leonardovalentini/crypto-coins/crypto/service/coinsPriceService.go:80.76,82.17 2 0
github.com/leonardovalentini/crypto-coins/crypto/service/coinsPriceService.go:82.17,82.26 1 0
github.com/leonardovalentini/crypto-coins/crypto/service/coinsPriceService.go:84.4,84.43 1 0
github.com/leonardovalentini/crypto-coins/crypto/service/coinsPriceService.go:88.2,88.11 1 0
github.com/leonardovalentini/crypto-coins/crypto/service/coinsPriceService.go:91.124,92.15 1 0
github.com/leonardovalentini/crypto-coins/crypto/service/coinsPriceService.go:92.15,93.35 1 0
github.com/leonardovalentini/crypto-coins/crypto/service/coinsPriceService.go:93.35,95.4 1 0
github.com/leonardovalentini/crypto-coins/crypto/service/coinsPriceService.go:98.2,99.16 2 0
github.com/leonardovalentini/crypto-coins/crypto/service/coinsPriceService.go:99.16,102.3 2 0
github.com/leonardovalentini/crypto-coins/crypto/service/coinsPriceService.go:104.2,113.16 3 0
github.com/leonardovalentini/crypto-coins/crypto/service/coinsPriceService.go:113.16,116.3 2 0
github.com/leonardovalentini/crypto-coins/crypto/service/coinsPriceService.go:117.2,117.124 1 0
github.com/leonardovalentini/crypto-coins/crypto/service/userCoinService.go:24.79,26.2 1 0
github.com/leonardovalentini/crypto-coins/crypto/service/userCoinService.go:28.117,30.2 1 0
github.com/leonardovalentini/crypto-coins/crypto/service/userCoinService.go:32.141,33.39 1 0
github.com/leonardovalentini/crypto-coins/crypto/service/userCoinService.go:33.39,35.3 1 0
github.com/leonardovalentini/crypto-coins/crypto/service/userCoinService.go:36.2,37.16 2 0
github.com/leonardovalentini/crypto-coins/crypto/service/userCoinService.go:37.16,39.3 1 0
github.com/leonardovalentini/crypto-coins/crypto/service/userCoinService.go:40.2,40.25 1 0
github.com/leonardovalentini/crypto-coins/crypto/service/userCoinService.go:40.25,42.3 1 0
github.com/leonardovalentini/crypto-coins/crypto/service/userCoinService.go:44.2,51.16 3 0
github.com/leonardovalentini/crypto-coins/crypto/service/userCoinService.go:51.16,53.3 1 0
github.com/leonardovalentini/crypto-coins/crypto/service/userCoinService.go:55.2,55.52 1 0
github.com/leonardovalentini/crypto-coins/crypto/service/userCoinService.go:58.148,59.39 1 0
github.com/leonardovalentini/crypto-coins/crypto/service/userCoinService.go:59.39,61.3 1 0
github.com/leonardovalentini/crypto-coins/crypto/service/userCoinService.go:63.2,64.16 2 0
github.com/leonardovalentini/crypto-coins/crypto/service/userCoinService.go:64.16,66.3 1 0
github.com/leonardovalentini/crypto-coins/crypto/service/userCoinService.go:68.2,68.80 1 0
github.com/leonardovalentini/crypto-coins/crypto/service/userCoinService.go:68.80,70.3 1 0
github.com/leonardovalentini/crypto-coins/crypto/service/userCoinService.go:72.2,73.16 2 0
github.com/leonardovalentini/crypto-coins/crypto/service/userCoinService.go:73.16,75.3 1 0
github.com/leonardovalentini/crypto-coins/crypto/service/userCoinService.go:76.2,76.29 1 0
github.com/leonardovalentini/crypto-coins/crypto/service/userCoinService.go:76.29,78.3 1 0
github.com/leonardovalentini/crypto-coins/crypto/service/userCoinService.go:80.2,88.16 3 0
github.com/leonardovalentini/crypto-coins/crypto/service/userCoinService.go:88.16,90.3 1 0
github.com/leonardovalentini/crypto-coins/crypto/service/userCoinService.go:92.2,92.29 1 0
github.com/leonardovalentini/crypto-coins/crypto/service/userCoinService.go:95.103,97.16 2 0
github.com/leonardovalentini/crypto-coins/crypto/service/userCoinService.go:97.16,99.3 1 0
github.com/leonardovalentini/crypto-coins/crypto/service/userCoinService.go:101.2,102.16 2 0
github.com/leonardovalentini/crypto-coins/crypto/service/userCoinService.go:102.16,104.3 1 0
github.com/leonardovalentini/crypto-coins/crypto/service/userCoinService.go:106.2,106.12 1 0
github.com/leonardovalentini/crypto-coins/crypto/main.go:7.13,9.2 1 0
github.com/leonardovalentini/crypto-coins/crypto/app/app.go:24.20,38.29 2 0
github.com/leonardovalentini/crypto-coins/crypto/app/app.go:38.29,39.25 1 0
github.com/leonardovalentini/crypto-coins/crypto/app/app.go:39.25,41.4 1 0
github.com/leonardovalentini/crypto-coins/crypto/app/app.go:52.14,74.76 17 0
github.com/leonardovalentini/crypto-coins/crypto/app/app.go:74.76,77.3 2 0
github.com/leonardovalentini/crypto-coins/crypto/app/app.go:78.2,96.88 13 0
github.com/leonardovalentini/crypto-coins/crypto/app/app.go:100.29,109.16 8 0
github.com/leonardovalentini/crypto-coins/crypto/app/app.go:109.16,111.3 1 0
github.com/leonardovalentini/crypto-coins/crypto/app/app.go:113.2,117.37 4 0
github.com/leonardovalentini/crypto-coins/crypto/app/app.go:117.37,119.3 1 0
github.com/leonardovalentini/crypto-coins/crypto/app/app.go:120.2,121.15 2 0
github.com/leonardovalentini/crypto-coins/crypto/domain/BrokerSite1.go:21.69,23.2 1 0
github.com/leonardovalentini/crypto-coins/crypto/domain/BrokerSite1.go:24.40,24.62 1 0
github.com/leonardovalentini/crypto-coins/crypto/domain/BrokerSite1.go:26.93,36.16 8 0
github.com/leonardovalentini/crypto-coins/crypto/domain/BrokerSite1.go:36.16,39.3 2 0
github.com/leonardovalentini/crypto-coins/crypto/domain/BrokerSite1.go:40.2,44.16 5 0
github.com/leonardovalentini/crypto-coins/crypto/domain/BrokerSite1.go:44.16,47.3 2 0
github.com/leonardovalentini/crypto-coins/crypto/domain/BrokerSite1.go:48.2,50.38 2 0
github.com/leonardovalentini/crypto-coins/crypto/domain/BrokerSite1.go:50.38,53.3 2 0
github.com/leonardovalentini/crypto-coins/crypto/domain/BrokerSite1.go:55.2,57.16 3 0
github.com/leonardovalentini/crypto-coins/crypto/domain/BrokerSite1.go:57.16,60.3 2 0
github.com/leonardovalentini/crypto-coins/crypto/domain/BrokerSite1.go:62.2,63.16 2 0
github.com/leonardovalentini/crypto-coins/crypto/domain/BrokerSite1.go:63.16,66.3 2 0
github.com/leonardovalentini/crypto-coins/crypto/domain/BrokerSite1.go:68.2,69.9 2 0
github.com/leonardovalentini/crypto-coins/crypto/domain/BrokerSite1.go:69.9,72.3 2 0
github.com/leonardovalentini/crypto-coins/crypto/domain/BrokerSite1.go:74.2,76.9 2 0
github.com/leonardovalentini/crypto-coins/crypto/domain/BrokerSite1.go:76.9,79.3 2 0
github.com/leonardovalentini/crypto-coins/crypto/domain/BrokerSite1.go:81.2,81.20 1 0
github.com/leonardovalentini/crypto-coins/crypto/domain/BrokerSite2.go:21.69,23.2 1 0
github.com/leonardovalentini/crypto-coins/crypto/domain/BrokerSite2.go:25.40,25.66 1 0
github.com/leonardovalentini/crypto-coins/crypto/domain/BrokerSite2.go:27.93,37.16 8 0
github.com/leonardovalentini/crypto-coins/crypto/domain/BrokerSite2.go:37.16,40.3 2 0
github.com/leonardovalentini/crypto-coins/crypto/domain/BrokerSite2.go:41.2,46.16 6 0
github.com/leonardovalentini/crypto-coins/crypto/domain/BrokerSite2.go:46.16,49.3 2 0
github.com/leonardovalentini/crypto-coins/crypto/domain/BrokerSite2.go:50.2,52.38 2 0
github.com/leonardovalentini/crypto-coins/crypto/domain/BrokerSite2.go:52.38,55.3 2 0
github.com/leonardovalentini/crypto-coins/crypto/domain/BrokerSite2.go:57.2,60.16 3 0
github.com/leonardovalentini/crypto-coins/crypto/domain/BrokerSite2.go:60.16,63.3 2 0
github.com/leonardovalentini/crypto-coins/crypto/domain/BrokerSite2.go:65.2,67.16 2 0
github.com/leonardovalentini/crypto-coins/crypto/domain/BrokerSite2.go:67.16,70.3 2 0
github.com/leonardovalentini/crypto-coins/crypto/domain/BrokerSite2.go:72.2,73.25 2 0
github.com/leonardovalentini/crypto-coins/crypto/domain/BrokerSite2.go:73.25,76.3 2 0
github.com/leonardovalentini/crypto-coins/crypto/domain/BrokerSite2.go:78.2,80.9 2 0
github.com/leonardovalentini/crypto-coins/crypto/domain/BrokerSite2.go:80.9,83.3 2 0
github.com/leonardovalentini/crypto-coins/crypto/domain/BrokerSite2.go:85.2,85.20 1 0
github.com/leonardovalentini/crypto-coins/crypto/domain/PriceDb.go:19.60,21.2 1 0
github.com/leonardovalentini/crypto-coins/crypto/domain/PriceDb.go:23.80,28.16 4 0
github.com/leonardovalentini/crypto-coins/crypto/domain/PriceDb.go:28.16,31.3 2 0
github.com/leonardovalentini/crypto-coins/crypto/domain/PriceDb.go:33.2,34.16 2 0
github.com/leonardovalentini/crypto-coins/crypto/domain/PriceDb.go:34.16,37.3 2 0
github.com/leonardovalentini/crypto-coins/crypto/domain/PriceDb.go:38.2,39.16 2 0
github.com/leonardovalentini/crypto-coins/crypto/domain/PriceDb.go:42.119,63.16 11 0
github.com/leonardovalentini/crypto-coins/crypto/domain/PriceDb.go:63.16,67.3 3 0
github.com/leonardovalentini/crypto-coins/crypto/domain/PriceDb.go:69.2,69.19 1 0
github.com/leonardovalentini/crypto-coins/crypto/domain/PriceDb.go:69.19,71.3 1 0
github.com/leonardovalentini/crypto-coins/crypto/domain/PriceDb.go:73.2,73.20 1 0
github.com/leonardovalentini/crypto-coins/crypto/domain/PriceDb.go:76.127,99.16 9 0
github.com/leonardovalentini/crypto-coins/crypto/domain/PriceDb.go:99.16,103.3 3 0
github.com/leonardovalentini/crypto-coins/crypto/domain/PriceDb.go:105.2,107.32 3 0
github.com/leonardovalentini/crypto-coins/crypto/domain/PriceDb.go:107.32,108.29 1 0
github.com/leonardovalentini/crypto-coins/crypto/domain/PriceDb.go:108.29,110.27 2 0
github.com/leonardovalentini/crypto-coins/crypto/domain/PriceDb.go:110.27,112.5 1 0
github.com/leonardovalentini/crypto-coins/crypto/domain/PriceDb.go:113.4,113.35 1 0
github.com/leonardovalentini/crypto-coins/crypto/domain/PriceDb.go:116.3,116.33 1 0
github.com/leonardovalentini/crypto-coins/crypto/domain/PriceDb.go:116.33,117.30 1 0
github.com/leonardovalentini/crypto-coins/crypto/domain/PriceDb.go:117.30,119.5 1 0
github.com/leonardovalentini/crypto-coins/crypto/domain/PriceDb.go:120.4,120.38 1 0
github.com/leonardovalentini/crypto-coins/crypto/domain/PriceDb.go:123.3,123.29 1 0
github.com/leonardovalentini/crypto-coins/crypto/domain/PriceDb.go:123.29,124.27 1 0
github.com/leonardovalentini/crypto-coins/crypto/domain/PriceDb.go:124.27,126.5 1 0
github.com/leonardovalentini/crypto-coins/crypto/domain/PriceDb.go:127.4,127.35 1 0
github.com/leonardovalentini/crypto-coins/crypto/domain/PriceDb.go:132.2,132.30 1 0
github.com/leonardovalentini/crypto-coins/crypto/domain/PriceDb.go:135.72,139.21 3 0
github.com/leonardovalentini/crypto-coins/crypto/domain/PriceDb.go:139.21,142.3 2 0
github.com/leonardovalentini/crypto-coins/crypto/domain/PriceDb.go:144.2,144.24 1 0
github.com/leonardovalentini/crypto-coins/crypto/domain/PriceDb.go:144.24,147.3 2 0
github.com/leonardovalentini/crypto-coins/crypto/domain/PriceDb.go:149.2,149.22 1 0
github.com/leonardovalentini/crypto-coins/crypto/domain/PriceDb.go:149.22,152.3 2 0
github.com/leonardovalentini/crypto-coins/crypto/domain/PriceDb.go:154.2,154.26 1 0
github.com/leonardovalentini/crypto-coins/crypto/domain/PriceDb.go:154.26,157.3 2 0
github.com/leonardovalentini/crypto-coins/crypto/domain/PriceDb.go:159.2,159.24 1 0
github.com/leonardovalentini/crypto-coins/crypto/domain/PriceDb.go:159.24,162.3 2 0
github.com/leonardovalentini/crypto-coins/crypto/domain/PriceDb.go:164.2,164.21 1 0
github.com/leonardovalentini/crypto-coins/crypto/domain/PriceDb.go:164.21,167.3 2 0
github.com/leonardovalentini/crypto-coins/crypto/domain/PriceDb.go:169.2,170.25 2 0
github.com/leonardovalentini/crypto-coins/crypto/domain/PriceDb.go:170.25,172.3 1 0
github.com/leonardovalentini/crypto-coins/crypto/domain/PriceDb.go:173.2,173.21 1 0
github.com/leonardovalentini/crypto-coins/crypto/domain/PriceDb.go:176.94,188.2 6 0
github.com/leonardovalentini/crypto-coins/crypto/domain/UserCoinDb.go:18.66,20.2 1 0
github.com/leonardovalentini/crypto-coins/crypto/domain/UserCoinDb.go:22.100,30.16 5 0
github.com/leonardovalentini/crypto-coins/crypto/domain/UserCoinDb.go:30.16,32.3 1 0
github.com/leonardovalentini/crypto-coins/crypto/domain/UserCoinDb.go:34.2,34.23 1 0
github.com/leonardovalentini/crypto-coins/crypto/domain/UserCoinDb.go:37.110,45.16 5 0
github.com/leonardovalentini/crypto-coins/crypto/domain/UserCoinDb.go:45.16,47.3 1 0
github.com/leonardovalentini/crypto-coins/crypto/domain/UserCoinDb.go:49.2,49.23 1 0
github.com/leonardovalentini/crypto-coins/crypto/domain/UserCoinDb.go:52.116,59.16 5 0
github.com/leonardovalentini/crypto-coins/crypto/domain/UserCoinDb.go:59.16,60.36 1 0
github.com/leonardovalentini/crypto-coins/crypto/domain/UserCoinDb.go:60.36,62.4 1 0
github.com/leonardovalentini/crypto-coins/crypto/domain/UserCoinDb.go:64.3,64.93 1 0
github.com/leonardovalentini/crypto-coins/crypto/domain/UserCoinDb.go:67.2,67.23 1 0
github.com/leonardovalentini/crypto-coins/crypto/domain/UserCoinDb.go:70.93,78.16 5 0
github.com/leonardovalentini/crypto-coins/crypto/domain/UserCoinDb.go:78.16,80.3 1 0
github.com/leonardovalentini/crypto-coins/crypto/domain/UserCoinDb.go:82.2,82.23 1 0
github.com/leonardovalentini/crypto-coins/crypto/domain/UserCoinDb.go:85.89,90.16 4 0
github.com/leonardovalentini/crypto-coins/crypto/domain/UserCoinDb.go:90.16,92.59 2 0
github.com/leonardovalentini/crypto-coins/crypto/domain/UserCoinDb.go:92.59,95.4 2 0
github.com/leonardovalentini/crypto-coins/crypto/domain/UserCoinDb.go:96.3,97.72 2 0
github.com/leonardovalentini/crypto-coins/crypto/domain/UserCoinDb.go:100.2,101.16 2 0
github.com/leonardovalentini/crypto-coins/crypto/domain/UserCoinDb.go:101.16,104.3 2 0
github.com/leonardovalentini/crypto-coins/crypto/domain/UserCoinDb.go:105.2,106.16 2 0
github.com/leonardovalentini/crypto-coins/crypto/domain/UserCoinDb.go:109.91,114.16 4 0
github.com/leonardovalentini/crypto-coins/crypto/domain/UserCoinDb.go:114.16,117.3 2 0
github.com/leonardovalentini/crypto-coins/crypto/domain/UserCoinDb.go:119.2,120.16 2 0
github.com/leonardovalentini/crypto-coins/crypto/domain/UserCoinDb.go:120.16,123.3 2 0
github.com/leonardovalentini/crypto-coins/crypto/domain/UserCoinDb.go:125.2,125.23 1 0
github.com/leonardovalentini/crypto-coins/crypto/domain/UserCoinDb.go:125.23,128.3 2 0
github.com/leonardovalentini/crypto-coins/crypto/domain/UserCoinDb.go:130.2,130.16 1 0
github.com/leonardovalentini/crypto-coins/crypto/domain/UserCoinDb.go:133.77,137.16 3 0
github.com/leonardovalentini/crypto-coins/crypto/domain/UserCoinDb.go:137.16,141.3 3 0
github.com/leonardovalentini/crypto-coins/crypto/domain/UserCoinDb.go:143.2,143.12 1 0
github.com/leonardovalentini/crypto-coins/crypto/domain/price.go:16.48,22.2 1 1
github.com/leonardovalentini/crypto-coins/crypto/domain/price.go:33.44,42.2 1 1
github.com/leonardovalentini/crypto-coins/crypto/domain/userCoin.go:16.72,20.2 1 0
github.com/leonardovalentini/crypto-coins/crypto/domain/userCoin.go:22.50,28.2 1 1
github.com/leonardovalentini/crypto-coins/crypto/dto/price.go:28.70,31.28 3 1
github.com/leonardovalentini/crypto-coins/crypto/dto/price.go:31.28,33.3 1 1
github.com/leonardovalentini/crypto-coins/crypto/dto/price.go:35.2,36.42 2 1
github.com/leonardovalentini/crypto-coins/crypto/dto/price.go:36.42,38.3 1 1
github.com/leonardovalentini/crypto-coins/crypto/dto/price.go:39.2,44.26 2 1
github.com/leonardovalentini/crypto-coins/crypto/dto/price.go:44.26,47.3 2 1
github.com/leonardovalentini/crypto-coins/crypto/dto/price.go:49.2,49.30 1 1
github.com/leonardovalentini/crypto-coins/crypto/dto/price.go:49.30,52.3 2 1
github.com/leonardovalentini/crypto-coins/crypto/dto/price.go:54.2,54.27 1 1
github.com/leonardovalentini/crypto-coins/crypto/dto/price.go:54.27,56.17 2 1
github.com/leonardovalentini/crypto-coins/crypto/dto/price.go:56.17,58.4 1 1
github.com/leonardovalentini/crypto-coins/crypto/dto/price.go:59.3,59.26 1 1
github.com/leonardovalentini/crypto-coins/crypto/dto/price.go:62.2,62.32 1 1
github.com/leonardovalentini/crypto-coins/crypto/dto/price.go:62.32,64.17 2 1
github.com/leonardovalentini/crypto-coins/crypto/dto/price.go:64.17,66.4 1 1
github.com/leonardovalentini/crypto-coins/crypto/dto/price.go:67.3,67.34 1 1
github.com/leonardovalentini/crypto-coins/crypto/dto/price.go:70.2,70.30 1 1
github.com/leonardovalentini/crypto-coins/crypto/dto/price.go:70.30,72.17 2 1
github.com/leonardovalentini/crypto-coins/crypto/dto/price.go:72.17,74.4 1 1
github.com/leonardovalentini/crypto-coins/crypto/dto/price.go:75.3,75.30 1 1
github.com/leonardovalentini/crypto-coins/crypto/dto/price.go:78.2,78.26 1 1
github.com/leonardovalentini/crypto-coins/crypto/dto/price.go:78.26,81.3 2 1
github.com/leonardovalentini/crypto-coins/crypto/dto/price.go:83.2,83.23 1 1
github.com/leonardovalentini/crypto-coins/crypto/dto/price.go:86.46,87.63 1 1
github.com/leonardovalentini/crypto-coins/crypto/dto/price.go:87.63,89.3 1 1
github.com/leonardovalentini/crypto-coins/crypto/dto/price.go:91.2,91.69 1 1
github.com/leonardovalentini/crypto-coins/crypto/dto/price.go:91.69,93.3 1 1
github.com/leonardovalentini/crypto-coins/crypto/dto/price.go:95.2,95.65 1 1
github.com/leonardovalentini/crypto-coins/crypto/dto/price.go:95.65,97.3 1 1
github.com/leonardovalentini/crypto-coins/crypto/dto/price.go:99.2,99.61 1 1
github.com/leonardovalentini/crypto-coins/crypto/dto/price.go:99.61,101.3 1 1
github.com/leonardovalentini/crypto-coins/crypto/dto/price.go:103.2,103.57 1 1
github.com/leonardovalentini/crypto-coins/crypto/dto/price.go:103.57,105.3 1 1
github.com/leonardovalentini/crypto-coins/crypto/dto/price.go:107.2,107.82 1 1
github.com/leonardovalentini/crypto-coins/crypto/dto/price.go:107.82,109.3 1 1
github.com/leonardovalentini/crypto-coins/crypto/dto/price.go:110.2,110.12 1 1
github.com/leonardovalentini/crypto-coins/crypto/dto/userCoin.go:18.44,19.22 1 0
github.com/leonardovalentini/crypto-coins/crypto/dto/userCoin.go:19.22,21.3 1 0
github.com/leonardovalentini/crypto-coins/crypto/dto/userCoin.go:23.2,23.25 1 0
github.com/leonardovalentini/crypto-coins/crypto/dto/userCoin.go:23.25,25.3 1 0
github.com/leonardovalentini/crypto-coins/crypto/dto/userCoin.go:27.2,27.12 1 0
github.com/leonardovalentini/crypto-coins/crypto/handler/coinsPriceHandler.go:23.81,28.2 3 1
github.com/leonardovalentini/crypto-coins/crypto/handler/coinsPriceHandler.go:30.70,37.2 2 1
github.com/leonardovalentini/crypto-coins/crypto/handler/coinsPriceHandler.go:39.71,46.2 2 1
github.com/leonardovalentini/crypto-coins/crypto/handler/coinsPriceHandler.go:58.85,61.9 2 1
github.com/leonardovalentini/crypto-coins/crypto/handler/coinsPriceHandler.go:62.25,62.25 0 1
github.com/leonardovalentini/crypto-coins/crypto/handler/coinsPriceHandler.go:63.10,68.9 5 0
github.com/leonardovalentini/crypto-coins/crypto/handler/coinsPriceHandler.go:70.2,70.15 1 1
github.com/leonardovalentini/crypto-coins/crypto/handler/coinsPriceHandler.go:70.15,72.3 1 1
github.com/leonardovalentini/crypto-coins/crypto/handler/coinsPriceHandler.go:74.2,78.29 4 1
github.com/leonardovalentini/crypto-coins/crypto/handler/coinsPriceHandler.go:102.82,106.16 4 1
github.com/leonardovalentini/crypto-coins/crypto/handler/coinsPriceHandler.go:106.16,109.3 2 1
github.com/leonardovalentini/crypto-coins/crypto/handler/coinsPriceHandler.go:111.2,112.16 2 1
github.com/leonardovalentini/crypto-coins/crypto/handler/coinsPriceHandler.go:112.16,116.3 3 1
github.com/leonardovalentini/crypto-coins/crypto/handler/coinsPriceHandler.go:117.2,118.16 2 1
github.com/leonardovalentini/crypto-coins/crypto/handler/coinsPriceHandler.go:118.16,122.3 3 1
github.com/leonardovalentini/crypto-coins/crypto/handler/coinsPriceHandler.go:124.2,125.16 2 1
github.com/leonardovalentini/crypto-coins/crypto/handler/coinsPriceHandler.go:125.16,129.3 3 1
github.com/leonardovalentini/crypto-coins/crypto/handler/coinsPriceHandler.go:131.2,132.31 2 1
github.com/leonardovalentini/crypto-coins/crypto/handler/coinsPriceHandler.go:132.31,134.3 1 1
github.com/leonardovalentini/crypto-coins/crypto/handler/coinsPriceHandler.go:136.2,146.55 3 1
github.com/leonardovalentini/crypto-coins/crypto/handler/userCoinHandler.go:19.75,21.2 1 1
github.com/leonardovalentini/crypto-coins/crypto/handler/userCoinHandler.go:23.69,42.2 5 1
github.com/leonardovalentini/crypto-coins/crypto/handler/userCoinHandler.go:56.83,59.16 3 1
github.com/leonardovalentini/crypto-coins/crypto/handler/userCoinHandler.go:59.16,62.3 2 1
github.com/leonardovalentini/crypto-coins/crypto/handler/userCoinHandler.go:64.2,65.16 2 1
github.com/leonardovalentini/crypto-coins/crypto/handler/userCoinHandler.go:65.16,68.3 2 1
github.com/leonardovalentini/crypto-coins/crypto/handler/userCoinHandler.go:69.2,71.37 2 1
github.com/leonardovalentini/crypto-coins/crypto/handler/userCoinHandler.go:71.37,73.3 1 1
github.com/leonardovalentini/crypto-coins/crypto/handler/userCoinHandler.go:75.2,75.63 1 1
github.com/leonardovalentini/crypto-coins/crypto/handler/userCoinHandler.go:94.79,97.16 3 1
github.com/leonardovalentini/crypto-coins/crypto/handler/userCoinHandler.go:97.16,100.3 2 1
github.com/leonardovalentini/crypto-coins/crypto/handler/userCoinHandler.go:102.2,103.65 2 1
github.com/leonardovalentini/crypto-coins/crypto/handler/userCoinHandler.go:103.65,106.3 2 1
github.com/leonardovalentini/crypto-coins/crypto/handler/userCoinHandler.go:108.2,109.16 2 1
github.com/leonardovalentini/crypto-coins/crypto/handler/userCoinHandler.go:109.16,112.3 2 1
github.com/leonardovalentini/crypto-coins/crypto/handler/userCoinHandler.go:114.2,114.62 1 1
github.com/leonardovalentini/crypto-coins/crypto/handler/userCoinHandler.go:135.82,138.16 3 1
github.com/leonardovalentini/crypto-coins/crypto/handler/userCoinHandler.go:138.16,141.3 2 1
github.com/leonardovalentini/crypto-coins/crypto/handler/userCoinHandler.go:143.2,148.65 4 1
github.com/leonardovalentini/crypto-coins/crypto/handler/userCoinHandler.go:148.65,151.3 2 1
github.com/leonardovalentini/crypto-coins/crypto/handler/userCoinHandler.go:153.2,154.16 2 1
github.com/leonardovalentini/crypto-coins/crypto/handler/userCoinHandler.go:154.16,157.3 2 1
github.com/leonardovalentini/crypto-coins/crypto/handler/userCoinHandler.go:159.2,161.62 2 1
github.com/leonardovalentini/crypto-coins/crypto/handler/userCoinHandler.go:178.82,181.16 3 1
github.com/leonardovalentini/crypto-coins/crypto/handler/userCoinHandler.go:181.16,184.3 2 1
github.com/leonardovalentini/crypto-coins/crypto/handler/userCoinHandler.go:186.2,190.16 4 1
github.com/leonardovalentini/crypto-coins/crypto/handler/userCoinHandler.go:190.16,193.3 2 1
github.com/leonardovalentini/crypto-coins/crypto/handler/userCoinHandler.go:195.2,195.65 1 1
github.com/leonardovalentini/crypto-coins/crypto/service/coinsPriceService.go:28.165,30.2 1 0
github.com/leonardovalentini/crypto-coins/crypto/service/coinsPriceService.go:32.156,34.16 2 0
github.com/leonardovalentini/crypto-coins/crypto/service/coinsPriceService.go:34.16,36.3 1 0
github.com/leonardovalentini/crypto-coins/crypto/service/coinsPriceService.go:37.2,38.16 2 0
github.com/leonardovalentini/crypto-coins/crypto/service/coinsPriceService.go:38.16,40.3 1 0
github.com/leonardovalentini/crypto-coins/crypto/service/coinsPriceService.go:41.2,41.36 1 0
github.com/leonardovalentini/crypto-coins/crypto/service/coinsPriceService.go:44.67,46.15 2 0
github.com/leonardovalentini/crypto-coins/crypto/service/coinsPriceService.go:46.15,47.35 1 0
github.com/leonardovalentini/crypto-coins/crypto/service/coinsPriceService.go:47.35,49.4 1 0
github.com/leonardovalentini/crypto-coins/crypto/service/coinsPriceService.go:52.2,53.16 2 0
github.com/leonardovalentini/crypto-coins/crypto/service/coinsPriceService.go:53.16,56.3 2 0
github.com/leonardovalentini/crypto-coins/crypto/service/coinsPriceService.go:58.2,59.28 2 0
github.com/leonardovalentini/crypto-coins/crypto/service/coinsPriceService.go:59.28,61.81 2 0
github.com/leonardovalentini/crypto-coins/crypto/service/coinsPriceService.go:61.81,65.4 2 0
github.com/leonardovalentini/crypto-coins/crypto/service/coinsPriceService.go:67.2,67.11 1 0
github.com/leonardovalentini/crypto-coins/crypto/service/coinsPriceService.go:70.120,76.29 4 0
github.com/leonardovalentini/crypto-coins/crypto/service/coinsPriceService.go:76.29,80.76 3 0
github.com/leonardovalentini/crypto-coins/crypto/service/coinsPriceService.go:80.76,82.17 2 0
github.com/leonardovalentini/crypto-coins/crypto/service/coinsPriceService.go:82.17,82.26 1 0
github.com/leonardovalentini/crypto-coins/crypto/service/coinsPriceService.go:84.4,84.43 1 0
github.com/leonardovalentini/crypto-coins/crypto/service/coinsPriceService.go:88.2,88.11 1 0
github.com/leonardovalentini/crypto-coins/crypto/service/coinsPriceService.go:91.124,92.15 1 0
github.com/leonardovalentini/crypto-coins/crypto/service/coinsPriceService.go:92.15,93.35 1 0
github.com/leonardovalentini/crypto-coins/crypto/service/coinsPriceService.go:93.35,95.4 1 0
github.com/leonardovalentini/crypto-coins/crypto/service/coinsPriceService.go:98.2,99.16 2 0
github.com/leonardovalentini/crypto-coins/crypto/service/coinsPriceService.go:99.16,102.3 2 0
github.com/leonardovalentini/crypto-coins/crypto/service/coinsPriceService.go:104.2,113.16 3 0
github.com/leonardovalentini/crypto-coins/crypto/service/coinsPriceService.go:113.16,116.3 2 0
github.com/leonardovalentini/crypto-coins/crypto/service/coinsPriceService.go:117.2,117.124 1 0
github.com/leonardovalentini/crypto-coins/crypto/service/userCoinService.go:24.79,26.2 1 0
github.com/leonardovalentini/crypto-coins/crypto/service/userCoinService.go:28.117,30.2 1 0
github.com/leonardovalentini/crypto-coins/crypto/service/userCoinService.go:32.141,33.39 1 0
github.com/leonardovalentini/crypto-coins/crypto/service/userCoinService.go:33.39,35.3 1 0
github.com/leonardovalentini/crypto-coins/crypto/service/userCoinService.go:36.2,37.16 2 0
github.com/leonardovalentini/crypto-coins/crypto/service/userCoinService.go:37.16,39.3 1 0
github.com/leonardovalentini/crypto-coins/crypto/service/userCoinService.go:40.2,40.25 1 0
github.com/leonardovalentini/crypto-coins/crypto/service/userCoinService.go:40.25,42.3 1 0
github.com/leonardovalentini/crypto-coins/crypto/service/userCoinService.go:44.2,51.16 3 0
github.com/leonardovalentini/crypto-coins/crypto/service/userCoinService.go:51.16,53.3 1 0
github.com/leonardovalentini/crypto-coins/crypto/service/userCoinService.go:55.2,55.52 1 0
github.com/leonardovalentini/crypto-coins/crypto/service/userCoinService.go:58.148,59.39 1 0
github.com/leonardovalentini/crypto-coins/crypto/service/userCoinService.go:59.39,61.3 1 0
github.com/leonardovalentini/crypto-coins/crypto/service/userCoinService.go:63.2,64.16 2 0
github.com/leonardovalentini/crypto-coins/crypto/service/userCoinService.go:64.16,66.3 1 0
github.com/leonardovalentini/crypto-coins/crypto/service/userCoinService.go:68.2,68.80 1 0
github.com/leonardovalentini/crypto-coins/crypto/service/userCoinService.go:68.80,70.3 1 0
github.com/leonardovalentini/crypto-coins/crypto/service/userCoinService.go:72.2,73.16 2 0
github.com/leonardovalentini/crypto-coins/crypto/service/userCoinService.go:73.16,75.3 1 0
github.com/leonardovalentini/crypto-coins/crypto/service/userCoinService.go:76.2,76.29 1 0
github.com/leonardovalentini/crypto-coins/crypto/service/userCoinService.go:76.29,78.3 1 0
github.com/leonardovalentini/crypto-coins/crypto/service/userCoinService.go:80.2,88.16 3 0
github.com/leonardovalentini/crypto-coins/crypto/service/userCoinService.go:88.16,90.3 1 0
github.com/leonardovalentini/crypto-coins/crypto/service/userCoinService.go:92.2,92.29 1 0
github.com/leonardovalentini/crypto-coins/crypto/service/userCoinService.go:95.103,97.16 2 0
github.com/leonardovalentini/crypto-coins/crypto/service/userCoinService.go:97.16,99.3 1 0
github.com/leonardovalentini/crypto-coins/crypto/service/userCoinService.go:101.2,102.16 2 0
github.com/leonardovalentini/crypto-coins/crypto/service/userCoinService.go:102.16,104.3 1 0
github.com/leonardovalentini/crypto-coins/crypto/service/userCoinService.go:106.2,106.12 1 0
github.com/leonardovalentini/crypto-coins/crypto/main.go:7.13,9.2 1 0
github.com/leonardovalentini/crypto-coins/crypto/app/app.go:24.20,38.29 2 0
github.com/leonardovalentini/crypto-coins/crypto/app/app.go:38.29,39.25 1 0
github.com/leonardovalentini/crypto-coins/crypto/app/app.go:39.25,41.4 1 0
github.com/leonardovalentini/crypto-coins/crypto/app/app.go:52.14,74.76 17 0
github.com/leonardovalentini/crypto-coins/crypto/app/app.go:74.76,77.3 2 0
github.com/leonardovalentini/crypto-coins/crypto/app/app.go:78.2,96.88 13 0
github.com/leonardovalentini/crypto-coins/crypto/app/app.go:100.29,109.16 8 0
github.com/leonardovalentini/crypto-coins/crypto/app/app.go:109.16,111.3 1 0
github.com/leonardovalentini/crypto-coins/crypto/app/app.go:113.2,117.37 4 0
github.com/leonardovalentini/crypto-coins/crypto/app/app.go:117.37,119.3 1 0
github.com/leonardovalentini/crypto-coins/crypto/app/app.go:120.2,121.15 2 0
github.com/leonardovalentini/crypto-coins/crypto/domain/BrokerSite1.go:21.69,23.2 1 0
github.com/leonardovalentini/crypto-coins/crypto/domain/BrokerSite1.go:24.40,24.62 1 0
github.com/leonardovalentini/crypto-coins/crypto/domain/BrokerSite1.go:26.93,36.16 8 0
github.com/leonardovalentini/crypto-coins/crypto/domain/BrokerSite1.go:36.16,39.3 2 0
github.com/leonardovalentini/crypto-coins/crypto/domain/BrokerSite1.go:40.2,44.16 5 0
github.com/leonardovalentini/crypto-coins/crypto/domain/BrokerSite1.go:44.16,47.3 2 0
github.com/leonardovalentini/crypto-coins/crypto/domain/BrokerSite1.go:48.2,50.38 2 0
github.com/leonardovalentini/crypto-coins/crypto/domain/BrokerSite1.go:50.38,53.3 2 0
github.com/leonardovalentini/crypto-coins/crypto/domain/BrokerSite1.go:55.2,57.16 3 0
github.com/leonardovalentini/crypto-coins/crypto/domain/BrokerSite1.go:57.16,60.3 2 0
github.com/leonardovalentini/crypto-coins/crypto/domain/BrokerSite1.go:62.2,63.16 2 0
github.com/leonardovalentini/crypto-coins/crypto/domain/BrokerSite1.go:63.16,66.3 2 0
github.com/leonardovalentini/crypto-coins/crypto/domain/BrokerSite1.go:68.2,69.9 2 0
github.com/leonardovalentini/crypto-coins/crypto/domain/BrokerSite1.go:69.9,72.3 2 0
github.com/leonardovalentini/crypto-coins/crypto/domain/BrokerSite1.go:74.2,76.9 2 0
github.com/leonardovalentini/crypto-coins/crypto/domain/BrokerSite1.go:76.9,79.3 2 0
github.com/leonardovalentini/crypto-coins/crypto/domain/BrokerSite1.go:81.2,81.20 1 0
github.com/leonardovalentini/crypto-coins/crypto/domain/BrokerSite2.go:21.69,23.2 1 0
github.com/leonardovalentini/crypto-coins/crypto/domain/BrokerSite2.go:25.40,25.66 1 0
github.com/leonardovalentini/crypto-coins/crypto/domain/BrokerSite2.go:27.93,37.16 8 0
github.com/leonardovalentini/crypto-coins/crypto/domain/BrokerSite2.go:37.16,40.3 2 0
github.com/leonardovalentini/crypto-coins/crypto/domain/BrokerSite2.go:41.2,46.16 6 0
github.com/leonardovalentini/crypto-coins/crypto/domain/BrokerSite2.go:46.16,49.3 2 0
github.com/leonardovalentini/crypto-coins/crypto/domain/BrokerSite2.go:50.2,52.38 2 0
github.com/leonardovalentini/crypto-coins/crypto/domain/BrokerSite2.go:52.38,55.3 2 0
github.com/leonardovalentini/crypto-coins/crypto/domain/BrokerSite2.go:57.2,60.16 3 0
github.com/leonardovalentini/crypto-coins/crypto/domain/BrokerSite2.go:60.16,63.3 2 0
github.com/leonardovalentini/crypto-coins/crypto/domain/BrokerSite2.go:65.2,67.16 2 0
github.com/leonardovalentini/crypto-coins/crypto/domain/BrokerSite2.go:67.16,70.3 2 0
github.com/leonardovalentini/crypto-coins/crypto/domain/BrokerSite2.go:72.2,73.25 2 0
github.com/leonardovalentini/crypto-coins/crypto/domain/BrokerSite2.go:73.25,76.3 2 0
github.com/leonardovalentini/crypto-coins/crypto/domain/BrokerSite2.go:78.2,80.9 2 0
github.com/leonardovalentini/crypto-coins/crypto/domain/BrokerSite2.go:80.9,83.3 2 0
github.com/leonardovalentini/crypto-coins/crypto/domain/BrokerSite2.go:85.2,85.20 1 0
github.com/leonardovalentini/crypto-coins/crypto/domain/PriceDb.go:19.60,21.2 1 0
github.com/leonardovalentini/crypto-coins/crypto/domain/PriceDb.go:23.80,28.16 4 0
github.com/leonardovalentini/crypto-coins/crypto/domain/PriceDb.go:28.16,31.3 2 0
github.com/leonardovalentini/crypto-coins/crypto/domain/PriceDb.go:33.2,34.16 2 0
github.com/leonardovalentini/crypto-coins/crypto/domain/PriceDb.go:34.16,37.3 2 0
github.com/leonardovalentini/crypto-coins/crypto/domain/PriceDb.go:38.2,39.16 2 0
github.com/leonardovalentini/crypto-coins/crypto/domain/PriceDb.go:42.119,63.16 11 0
github.com/leonardovalentini/crypto-coins/crypto/domain/PriceDb.go:63.16,67.3 3 0
github.com/leonardovalentini/crypto-coins/crypto/domain/PriceDb.go:69.2,69.19 1 0
github.com/leonardovalentini/crypto-coins/crypto/domain/PriceDb.go:69.19,71.3 1 0
github.com/leonardovalentini/crypto-coins/crypto/domain/PriceDb.go:73.2,73.20 1 0
github.com/leonardovalentini/crypto-coins/crypto/domain/PriceDb.go:76.127,99.16 9 0
github.com/leonardovalentini/crypto-coins/crypto/domain/PriceDb.go:99.16,103.3 3 0
github.com/leonardovalentini/crypto-coins/crypto/domain/PriceDb.go:105.2,107.32 3 0
github.com/leonardovalentini/crypto-coins/crypto/domain/PriceDb.go:107.32,108.29 1 0
github.com/leonardovalentini/crypto-coins/crypto/domain/PriceDb.go:108.29,110.27 2 0
github.com/leonardovalentini/crypto-coins/crypto/domain/PriceDb.go:110.27,112.5 1 0
github.com/leonardovalentini/crypto-coins/crypto/domain/PriceDb.go:113.4,113.35 1 0
github.com/leonardovalentini/crypto-coins/crypto/domain/PriceDb.go:116.3,116.33 1 0
github.com/leonardovalentini/crypto-coins/crypto/domain/PriceDb.go:116.33,117.30 1 0
github.com/leonardovalentini/crypto-coins/crypto/domain/PriceDb.go:117.30,119.5 1 0
github.com/leonardovalentini/crypto-coins/crypto/domain/PriceDb.go:120.4,120.38 1 0
github.com/leonardovalentini/crypto-coins/crypto/domain/PriceDb.go:123.3,123.29 1 0
github.com/leonardovalentini/crypto-coins/crypto/domain/PriceDb.go:123.29,124.27 1 0
github.com/leonardovalentini/crypto-coins/crypto/domain/PriceDb.go:124.27,126.5 1 0
github.com/leonardovalentini/crypto-coins/crypto/domain/PriceDb.go:127.4,127.35 1 0
github.com/leonardovalentini/crypto-coins/crypto/domain/PriceDb.go:132.2,132.30 1 0
github.com/leonardovalentini/crypto-coins/crypto/domain/PriceDb.go:135.72,139.21 3 0
github.com/leonardovalentini/crypto-coins/crypto/domain/PriceDb.go:139.21,142.3 2 0
github.com/leonardovalentini/crypto-coins/crypto/domain/PriceDb.go:144.2,144.24 1 0
github.com/leonardovalentini/crypto-coins/crypto/domain/PriceDb.go:144.24,147.3 2 0
github.com/leonardovalentini/crypto-coins/crypto/domain/PriceDb.go:149.2,149.22 1 0
github.com/leonardovalentini/crypto-coins/crypto/domain/PriceDb.go:149.22,152.3 2 0
github.com/leonardovalentini/crypto-coins/crypto/domain/PriceDb.go:154.2,154.26 1 0
github.com/leonardovalentini/crypto-coins/crypto/domain/PriceDb.go:154.26,157.3 2 0
github.com/leonardovalentini/crypto-coins/crypto/domain/PriceDb.go:159.2,159.24 1 0
github.com/leonardovalentini/crypto-coins/crypto/domain/PriceDb.go:159.24,162.3 2 0
github.com/leonardovalentini/crypto-coins/crypto/domain/PriceDb.go:164.2,164.21 1 0
github.com/leonardovalentini/crypto-coins/crypto/domain/PriceDb.go:164.21,167.3 2 0
github.com/leonardovalentini/crypto-coins/crypto/domain/PriceDb.go:169.2,170.25 2 0
github.com/leonardovalentini/crypto-coins/crypto/domain/PriceDb.go:170.25,172.3 1 0
github.com/leonardovalentini/crypto-coins/crypto/domain/PriceDb.go:173.2,173.21 1 0
github.com/leonardovalentini/crypto-coins/crypto/domain/PriceDb.go:176.94,188.2 6 0
github.com/leonardovalentini/crypto-coins/crypto/domain/UserCoinDb.go:18.66,20.2 1 0
github.com/leonardovalentini/crypto-coins/crypto/domain/UserCoinDb.go:22.100,30.16 5 0
github.com/leonardovalentini/crypto-coins/crypto/domain/UserCoinDb.go:30.16,32.3 1 0
github.com/leonardovalentini/crypto-coins/crypto/domain/UserCoinDb.go:34.2,34.23 1 0
github.com/leonardovalentini/crypto-coins/crypto/domain/UserCoinDb.go:37.110,45.16 5 0
github.com/leonardovalentini/crypto-coins/crypto/domain/UserCoinDb.go:45.16,47.3 1 0
github.com/leonardovalentini/crypto-coins/crypto/domain/UserCoinDb.go:49.2,49.23 1 0
github.com/leonardovalentini/crypto-coins/crypto/domain/UserCoinDb.go:52.116,59.16 5 0
github.com/leonardovalentini/crypto-coins/crypto/domain/UserCoinDb.go:59.16,60.36 1 0
github.com/leonardovalentini/crypto-coins/crypto/domain/UserCoinDb.go:60.36,62.4 1 0
github.com/leonardovalentini/crypto-coins/crypto/domain/UserCoinDb.go:64.3,64.93 1 0
github.com/leonardovalentini/crypto-coins/crypto/domain/UserCoinDb.go:67.2,67.23 1 0
github.com/leonardovalentini/crypto-coins/crypto/domain/UserCoinDb.go:70.93,78.16 5 0
github.com/leonardovalentini/crypto-coins/crypto/domain/UserCoinDb.go:78.16,80.3 1 0
github.com/leonardovalentini/crypto-coins/crypto/domain/UserCoinDb.go:82.2,82.23 1 0
github.com/leonardovalentini/crypto-coins/crypto/domain/UserCoinDb.go:85.89,90.16 4 0
github.com/leonardovalentini/crypto-coins/crypto/domain/UserCoinDb.go:90.16,92.59 2 0
github.com/leonardovalentini/crypto-coins/crypto/domain/UserCoinDb.go:92.59,95.4 2 0
github.com/leonardovalentini/crypto-coins/crypto/domain/UserCoinDb.go:96.3,97.72 2 0
github.com/leonardovalentini/crypto-coins/crypto/domain/UserCoinDb.go:100.2,101.16 2 0
github.com/leonardovalentini/crypto-coins/crypto/domain/UserCoinDb.go:101.16,104.3 2 0
github.com/leonardovalentini/crypto-coins/crypto/domain/UserCoinDb.go:105.2,106.16 2 0
github.com/leonardovalentini/crypto-coins/crypto/domain/UserCoinDb.go:109.91,114.16 4 0
github.com/leonardovalentini/crypto-coins/crypto/domain/UserCoinDb.go:114.16,117.3 2 0
github.com/leonardovalentini/crypto-coins/crypto/domain/UserCoinDb.go:119.2,120.16 2 0
github.com/leonardovalentini/crypto-coins/crypto/domain/UserCoinDb.go:120.16,123.3 2 0
github.com/leonardovalentini/crypto-coins/crypto/domain/UserCoinDb.go:125.2,125.23 1 0
github.com/leonardovalentini/crypto-coins/crypto/domain/UserCoinDb.go:125.23,128.3 2 0
github.com/leonardovalentini/crypto-coins/crypto/domain/UserCoinDb.go:130.2,130.16 1 0
github.com/leonardovalentini/crypto-coins/crypto/domain/UserCoinDb.go:133.77,137.16 3 0
github.com/leonardovalentini/crypto-coins/crypto/domain/UserCoinDb.go:137.16,141.3 3 0
github.com/leonardovalentini/crypto-coins/crypto/domain/UserCoinDb.go:143.2,143.12 1 0
github.com/leonardovalentini/crypto-coins/crypto/domain/price.go:16.48,22.2 1 0
github.com/leonardovalentini/crypto-coins/crypto/domain/price.go:33.44,42.2 1 0
github.com/leonardovalentini/crypto-coins/crypto/domain/userCoin.go:16.72,20.2 1 1
github.com/leonardovalentini/crypto-coins/crypto/domain/userCoin.go:22.50,28.2 1 0
github.com/leonardovalentini/crypto-coins/crypto/dto/price.go:28.70,31.28 3 0
github.com/leonardovalentini/crypto-coins/crypto/dto/price.go:31.28,33.3 1 0
github.com/leonardovalentini/crypto-coins/crypto/dto/price.go:35.2,36.42 2 0
github.com/leonardovalentini/crypto-coins/crypto/dto/price.go:36.42,38.3 1 0
github.com/leonardovalentini/crypto-coins/crypto/dto/price.go:39.2,44.26 2 0
github.com/leonardovalentini/crypto-coins/crypto/dto/price.go:44.26,47.3 2 0
github.com/leonardovalentini/crypto-coins/crypto/dto/price.go:49.2,49.30 1 0
github.com/leonardovalentini/crypto-coins/crypto/dto/price.go:49.30,52.3 2 0
github.com/leonardovalentini/crypto-coins/crypto/dto/price.go:54.2,54.27 1 0
github.com/leonardovalentini/crypto-coins/crypto/dto/price.go:54.27,56.17 2 0
github.com/leonardovalentini/crypto-coins/crypto/dto/price.go:56.17,58.4 1 0
github.com/leonardovalentini/crypto-coins/crypto/dto/price.go:59.3,59.26 1 0
github.com/leonardovalentini/crypto-coins/crypto/dto/price.go:62.2,62.32 1 0
github.com/leonardovalentini/crypto-coins/crypto/dto/price.go:62.32,64.17 2 0
github.com/leonardovalentini/crypto-coins/crypto/dto/price.go:64.17,66.4 1 0
github.com/leonardovalentini/crypto-coins/crypto/dto/price.go:67.3,67.34 1 0
github.com/leonardovalentini/crypto-coins/crypto/dto/price.go:70.2,70.30 1 0
github.com/leonardovalentini/crypto-coins/crypto/dto/price.go:70.30,72.17 2 0
github.com/leonardovalentini/crypto-coins/crypto/dto/price.go:72.17,74.4 1 0
github.com/leonardovalentini/crypto-coins/crypto/dto/price.go:75.3,75.30 1 0
github.com/leonardovalentini/crypto-coins/crypto/dto/price.go:78.2,78.26 1 0
github.com/leonardovalentini/crypto-coins/crypto/dto/price.go:78.26,81.3 2 0
github.com/leonardovalentini/crypto-coins/crypto/dto/price.go:83.2,83.23 1 0
github.com/leonardovalentini/crypto-coins/crypto/dto/price.go:86.46,87.63 1 0
github.com/leonardovalentini/crypto-coins/crypto/dto/price.go:87.63,89.3 1 0
github.com/leonardovalentini/crypto-coins/crypto/dto/price.go:91.2,91.69 1 0
github.com/leonardovalentini/crypto-coins/crypto/dto/price.go:91.69,93.3 1 0
github.com/leonardovalentini/crypto-coins/crypto/dto/price.go:95.2,95.65 1 0
github.com/leonardovalentini/crypto-coins/crypto/dto/price.go:95.65,97.3 1 0
github.com/leonardovalentini/crypto-coins/crypto/dto/price.go:99.2,99.61 1 0
github.com/leonardovalentini/crypto-coins/crypto/dto/price.go:99.61,101.3 1 0
github.com/leonardovalentini/crypto-coins/crypto/dto/price.go:103.2,103.57 1 0
github.com/leonardovalentini/crypto-coins/crypto/dto/price.go:103.57,105.3 1 0
github.com/leonardovalentini/crypto-coins/crypto/dto/price.go:107.2,107.82 1 0
github.com/leonardovalentini/crypto-coins/crypto/dto/price.go:107.82,109.3 1 0
github.com/leonardovalentini/crypto-coins/crypto/dto/price.go:110.2,110.12 1 0
github.com/leonardovalentini/crypto-coins/crypto/dto/userCoin.go:18.44,19.22 1 1
github.com/leonardovalentini/crypto-coins/crypto/dto/userCoin.go:19.22,21.3 1 1
github.com/leonardovalentini/crypto-coins/crypto/dto/userCoin.go:23.2,23.25 1 1
github.com/leonardovalentini/crypto-coins/crypto/dto/userCoin.go:23.25,25.3 1 1
github.com/leonardovalentini/crypto-coins/crypto/dto/userCoin.go:27.2,27.12 1 1
github.com/leonardovalentini/crypto-coins/crypto/handler/coinsPriceHandler.go:23.81,28.2 3 0
github.com/leonardovalentini/crypto-coins/crypto/handler/coinsPriceHandler.go:30.70,37.2 2 0
github.com/leonardovalentini/crypto-coins/crypto/handler/coinsPriceHandler.go:39.71,46.2 2 0
github.com/leonardovalentini/crypto-coins/crypto/handler/coinsPriceHandler.go:58.85,61.9 2 0
github.com/leonardovalentini/crypto-coins/crypto/handler/coinsPriceHandler.go:62.25,62.25 0 0
github.com/leonardovalentini/crypto-coins/crypto/handler/coinsPriceHandler.go:63.10,68.9 5 0
github.com/leonardovalentini/crypto-coins/crypto/handler/coinsPriceHandler.go:70.2,70.15 1 0
github.com/leonardovalentini/crypto-coins/crypto/handler/coinsPriceHandler.go:70.15,72.3 1 0
github.com/leonardovalentini/crypto-coins/crypto/handler/coinsPriceHandler.go:74.2,78.29 4 0
github.com/leonardovalentini/crypto-coins/crypto/handler/coinsPriceHandler.go:102.82,106.16 4 0
github.com/leonardovalentini/crypto-coins/crypto/handler/coinsPriceHandler.go:106.16,109.3 2 0
github.com/leonardovalentini/crypto-coins/crypto/handler/coinsPriceHandler.go:111.2,112.16 2 0
github.com/leonardovalentini/crypto-coins/crypto/handler/coinsPriceHandler.go:112.16,116.3 3 0
github.com/leonardovalentini/crypto-coins/crypto/handler/coinsPriceHandler.go:117.2,118.16 2 0
github.com/leonardovalentini/crypto-coins/crypto/handler/coinsPriceHandler.go:118.16,122.3 3 0
github.com/leonardovalentini/crypto-coins/crypto/handler/coinsPriceHandler.go:124.2,125.16 2 0
github.com/leonardovalentini/crypto-coins/crypto/handler/coinsPriceHandler.go:125.16,129.3 3 0
github.com/leonardovalentini/crypto-coins/crypto/handler/coinsPriceHandler.go:131.2,132.31 2 0
github.com/leonardovalentini/crypto-coins/crypto/handler/coinsPriceHandler.go:132.31,134.3 1 0
github.com/leonardovalentini/crypto-coins/crypto/handler/coinsPriceHandler.go:136.2,146.55 3 0
github.com/leonardovalentini/crypto-coins/crypto/handler/userCoinHandler.go:19.75,21.2 1 0
github.com/leonardovalentini/crypto-coins/crypto/handler/userCoinHandler.go:23.69,42.2 5 0
github.com/leonardovalentini/crypto-coins/crypto/handler/userCoinHandler.go:56.83,59.16 3 0
github.com/leonardovalentini/crypto-coins/crypto/handler/userCoinHandler.go:59.16,62.3 2 0
github.com/leonardovalentini/crypto-coins/crypto/handler/userCoinHandler.go:64.2,65.16 2 0
github.com/leonardovalentini/crypto-coins/crypto/handler/userCoinHandler.go:65.16,68.3 2 0
github.com/leonardovalentini/crypto-coins/crypto/handler/userCoinHandler.go:69.2,71.37 2 0
github.com/leonardovalentini/crypto-coins/crypto/handler/userCoinHandler.go:71.37,73.3 1 0
github.com/leonardovalentini/crypto-coins/crypto/handler/userCoinHandler.go:75.2,75.63 1 0
github.com/leonardovalentini/crypto-coins/crypto/handler/userCoinHandler.go:94.79,97.16 3 0
github.com/leonardovalentini/crypto-coins/crypto/handler/userCoinHandler.go:97.16,100.3 2 0
github.com/leonardovalentini/crypto-coins/crypto/handler/userCoinHandler.go:102.2,103.65 2 0
github.com/leonardovalentini/crypto-coins/crypto/handler/userCoinHandler.go:103.65,106.3 2 0
github.com/leonardovalentini/crypto-coins/crypto/handler/userCoinHandler.go:108.2,109.16 2 0
github.com/leonardovalentini/crypto-coins/crypto/handler/userCoinHandler.go:109.16,112.3 2 0
github.com/leonardovalentini/crypto-coins/crypto/handler/userCoinHandler.go:114.2,114.62 1 0
github.com/leonardovalentini/crypto-coins/crypto/handler/userCoinHandler.go:135.82,138.16 3 0
github.com/leonardovalentini/crypto-coins/crypto/handler/userCoinHandler.go:138.16,141.3 2 0
github.com/leonardovalentini/crypto-coins/crypto/handler/userCoinHandler.go:143.2,148.65 4 0
github.com/leonardovalentini/crypto-coins/crypto/handler/userCoinHandler.go:148.65,151.3 2 0
github.com/leonardovalentini/crypto-coins/crypto/handler/userCoinHandler.go:153.2,154.16 2 0
github.com/leonardovalentini/crypto-coins/crypto/handler/userCoinHandler.go:154.16,157.3 2 0
github.com/leonardovalentini/crypto-coins/crypto/handler/userCoinHandler.go:159.2,161.62 2 0
github.com/leonardovalentini/crypto-coins/crypto/handler/userCoinHandler.go:178.82,181.16 3 0
github.com/leonardovalentini/crypto-coins/crypto/handler/userCoinHandler.go:181.16,184.3 2 0
github.com/leonardovalentini/crypto-coins/crypto/handler/userCoinHandler.go:186.2,190.16 4 0
github.com/leonardovalentini/crypto-coins/crypto/handler/userCoinHandler.go:190.16,193.3 2 0
github.com/leonardovalentini/crypto-coins/crypto/handler/userCoinHandler.go:195.2,195.65 1 0
github.com/leonardovalentini/crypto-coins/crypto/service/coinsPriceService.go:28.165,30.2 1 1
github.com/leonardovalentini/crypto-coins/crypto/service/coinsPriceService.go:32.156,34.16 2 1
github.com/leonardovalentini/crypto-coins/crypto/service/coinsPriceService.go:34.16,36.3 1 1
github.com/leonardovalentini/crypto-coins/crypto/service/coinsPriceService.go:37.2,38.16 2 1
github.com/leonardovalentini/crypto-coins/crypto/service/coinsPriceService.go:38.16,40.3 1 1
github.com/leonardovalentini/crypto-coins/crypto/service/coinsPriceService.go:41.2,41.36 1 1
github.com/leonardovalentini/crypto-coins/crypto/service/coinsPriceService.go:44.67,46.15 2 1
github.com/leonardovalentini/crypto-coins/crypto/service/coinsPriceService.go:46.15,47.35 1 1
github.com/leonardovalentini/crypto-coins/crypto/service/coinsPriceService.go:47.35,49.4 1 1
github.com/leonardovalentini/crypto-coins/crypto/service/coinsPriceService.go:52.2,53.16 2 1
github.com/leonardovalentini/crypto-coins/crypto/service/coinsPriceService.go:53.16,56.3 2 1
github.com/leonardovalentini/crypto-coins/crypto/service/coinsPriceService.go:58.2,59.28 2 1
github.com/leonardovalentini/crypto-coins/crypto/service/coinsPriceService.go:59.28,61.81 2 1
github.com/leonardovalentini/crypto-coins/crypto/service/coinsPriceService.go:61.81,65.4 2 1
github.com/leonardovalentini/crypto-coins/crypto/service/coinsPriceService.go:67.2,67.11 1 1
github.com/leonardovalentini/crypto-coins/crypto/service/coinsPriceService.go:70.120,76.29 4 1
github.com/leonardovalentini/crypto-coins/crypto/service/coinsPriceService.go:76.29,80.76 3 1
github.com/leonardovalentini/crypto-coins/crypto/service/coinsPriceService.go:80.76,82.17 2 1
github.com/leonardovalentini/crypto-coins/crypto/service/coinsPriceService.go:82.17,82.26 1 1
github.com/leonardovalentini/crypto-coins/crypto/service/coinsPriceService.go:84.4,84.43 1 1
github.com/leonardovalentini/crypto-coins/crypto/service/coinsPriceService.go:88.2,88.11 1 1
github.com/leonardovalentini/crypto-coins/crypto/service/coinsPriceService.go:91.124,92.15 1 1
github.com/leonardovalentini/crypto-coins/crypto/service/coinsPriceService.go:92.15,93.35 1 1
github.com/leonardovalentini/crypto-coins/crypto/service/coinsPriceService.go:93.35,95.4 1 1
github.com/leonardovalentini/crypto-coins/crypto/service/coinsPriceService.go:98.2,99.16 2 1
github.com/leonardovalentini/crypto-coins/crypto/service/coinsPriceService.go:99.16,102.3 2 1
github.com/leonardovalentini/crypto-coins/crypto/service/coinsPriceService.go:104.2,113.16 3 1
github.com/leonardovalentini/crypto-coins/crypto/service/coinsPriceService.go:113.16,116.3 2 1
github.com/leonardovalentini/crypto-coins/crypto/service/coinsPriceService.go:117.2,117.124 1 1
github.com/leonardovalentini/crypto-coins/crypto/service/userCoinService.go:24.79,26.2 1 1
github.com/leonardovalentini/crypto-coins/crypto/service/userCoinService.go:28.117,30.2 1 1
github.com/leonardovalentini/crypto-coins/crypto/service/userCoinService.go:32.141,33.39 1 1
github.com/leonardovalentini/crypto-coins/crypto/service/userCoinService.go:33.39,35.3 1 1
github.com/leonardovalentini/crypto-coins/crypto/service/userCoinService.go:36.2,37.16 2 1
github.com/leonardovalentini/crypto-coins/crypto/service/userCoinService.go:37.16,39.3 1 1
github.com/leonardovalentini/crypto-coins/crypto/service/userCoinService.go:40.2,40.25 1 1
github.com/leonardovalentini/crypto-coins/crypto/service/userCoinService.go:40.25,42.3 1 1
github.com/leonardovalentini/crypto-coins/crypto/service/userCoinService.go:44.2,51.16 3 1
github.com/leonardovalentini/crypto-coins/crypto/service/userCoinService.go:51.16,53.3 1 1
github.com/leonardovalentini/crypto-coins/crypto/service/userCoinService.go:55.2,55.52 1 1
github.com/leonardovalentini/crypto-coins/crypto/service/userCoinService.go:58.148,59.39 1 1
github.com/leonardovalentini/crypto-coins/crypto/service/userCoinService.go:59.39,61.3 1 1
github.com/leonardovalentini/crypto-coins/crypto/service/userCoinService.go:63.2,64.16 2 1
github.com/leonardovalentini/crypto-coins/crypto/service/userCoinService.go:64.16,66.3 1 1
github.com/leonardovalentini/crypto-coins/crypto/service/userCoinService.go:68.2,68.80 1 1
github.com/leonardovalentini/crypto-coins/crypto/service/userCoinService.go:68.80,70.3 1 1
github.com/leonardovalentini/crypto-coins/crypto/service/userCoinService.go:72.2,73.16 2 1
github.com/leonardovalentini/crypto-coins/crypto/service/userCoinService.go:73.16,75.3 1 1
github.com/leonardovalentini/crypto-coins/crypto/service/userCoinService.go:76.2,76.29 1 1
github.com/leonardovalentini/crypto-coins/crypto/service/userCoinService.go:76.29,78.3 1 1
github.com/leonardovalentini/crypto-coins/crypto/service/userCoinService.go:80.2,88.16 3 1
github.com/leonardovalentini/crypto-coins/crypto/service/userCoinService.go:88.16,90.3 1 1
github.com/leonardovalentini/crypto-coins/crypto/service/userCoinService.go:92.2,92.29 1 1
github.com/leonardovalentini/crypto-coins/crypto/service/userCoinService.go:95.103,97.16 2 1
github.com/leonardovalentini/crypto-coins/crypto/service/userCoinService.go:97.16,99.3 1 1
github.com/leonardovalentini/crypto-coins/crypto/service/userCoinService.go:101.2,102.16 2 1
github.com/leonardovalentini/crypto-coins/crypto/service/userCoinService.go:102.16,104.3 1 1
github.com/leonardovalentini/crypto-coins/crypto/service/userCoinService.go:106.2,106.12 1 1
github.com/leonardovalentini/crypto-coins/crypto/dto/price.go:28.70,31.28 3 0
github.com/leonardovalentini/crypto-coins/crypto/dto/price.go:31.28,33.3 1 0
github.com/leonardovalentini/crypto-coins/crypto/dto/price.go:35.2,36.42 2 0
github.com/leonardovalentini/crypto-coins/crypto/dto/price.go:36.42,38.3 1 0
github.com/leonardovalentini/crypto-coins/crypto/dto/price.go:39.2,44.26 2 0
github.com/leonardovalentini/crypto-coins/crypto/dto/price.go:44.26,47.3 2 0
github.com/leonardovalentini/crypto-coins/crypto/dto/price.go:49.2,49.30 1 0
github.com/leonardovalentini/crypto-coins/crypto/dto/price.go:49.30,52.3 2 0
github.com/leonardovalentini/crypto-coins/crypto/dto/price.go:54.2,54.27 1 0
github.com/leonardovalentini/crypto-coins/crypto/dto/price.go:54.27,56.17 2 0
github.com/leonardovalentini/crypto-coins/crypto/dto/price.go:56.17,58.4 1 0
github.com/leonardovalentini/crypto-coins/crypto/dto/price.go:59.3,59.26 1 0
github.com/leonardovalentini/crypto-coins/crypto/dto/price.go:62.2,62.32 1 0
github.com/leonardovalentini/crypto-coins/crypto/dto/price.go:62.32,64.17 2 0
github.com/leonardovalentini/crypto-coins/crypto/dto/price.go:64.17,66.4 1 0
github.com/leonardovalentini/crypto-coins/crypto/dto/price.go:67.3,67.34 1 0
github.com/leonardovalentini/crypto-coins/crypto/dto/price.go:70.2,70.30 1 0
github.com/leonardovalentini/crypto-coins/crypto/dto/price.go:70.30,72.17 2 0
github.com/leonardovalentini/crypto-coins/crypto/dto/price.go:72.17,74.4 1 0
github.com/leonardovalentini/crypto-coins/crypto/dto/price.go:75.3,75.30 1 0
github.com/leonardovalentini/crypto-coins/crypto/dto/price.go:78.2,78.26 1 0
github.com/leonardovalentini/crypto-coins/crypto/dto/price.go:78.26,81.3 2 0
github.com/leonardovalentini/crypto-coins/crypto/dto/price.go:83.2,83.23 1 0
github.com/leonardovalentini/crypto-coins/crypto/dto/price.go:86.46,87.63 1 0
github.com/leonardovalentini/crypto-coins/crypto/dto/price.go:87.63,89.3 1 0
github.com/leonardovalentini/crypto-coins/crypto/dto/price.go:91.2,91.69 1 0
github.com/leonardovalentini/crypto-coins/crypto/dto/price.go:91.69,93.3 1 0
github.com/leonardovalentini/crypto-coins/crypto/dto/price.go:95.2,95.65 1 0
github.com/leonardovalentini/crypto-coins/crypto/dto/price.go:95.65,97.3 1 0
github.com/leonardovalentini/crypto-coins/crypto/dto/price.go:99.2,99.61 1 0
github.com/leonardovalentini/crypto-coins/crypto/dto/price.go:99.61,101.3 1 0
github.com/leonardovalentini/crypto-coins/crypto/dto/price.go:103.2,103.57 1 0
github.com/leonardovalentini/crypto-coins/crypto/dto/price.go:103.57,105.3 1 0
github.com/leonardovalentini/crypto-coins/crypto/dto/price.go:107.2,107.82 1 0
github.com/leonardovalentini/crypto-coins/crypto/dto/price.go:107.82,109.3 1 0
github.com/leonardovalentini/crypto-coins/crypto/dto/price.go:110.2,110.12 1 0
github.com/leonardovalentini/crypto-coins/crypto/dto/userCoin.go:18.44,19.22 1 0
github.com/leonardovalentini/crypto-coins/crypto/dto/userCoin.go:19.22,21.3 1 0
github.com/leonardovalentini/crypto-coins/crypto/dto/userCoin.go:23.2,23.25 1 0
github.com/leonardovalentini/crypto-coins/crypto/dto/userCoin.go:23.25,25.3 1 0
github.com/leonardovalentini/crypto-coins/crypto/dto/userCoin.go:27.2,27.12 1 0
github.com/leonardovalentini/crypto-coins/crypto/main.go:7.13,9.2 1 0
github.com/leonardovalentini/crypto-coins/crypto/app/app.go:24.20,38.29 2 0
github.com/leonardovalentini/crypto-coins/crypto/app/app.go:38.29,39.25 1 0
github.com/leonardovalentini/crypto-coins/crypto/app/app.go:39.25,41.4 1 0
github.com/leonardovalentini/crypto-coins/crypto/app/app.go:52.14,74.76 17 0
github.com/leonardovalentini/crypto-coins/crypto/app/app.go:74.76,77.3 2 0
github.com/leonardovalentini/crypto-coins/crypto/app/app.go:78.2,96.88 13 0
github.com/leonardovalentini/crypto-coins/crypto/app/app.go:100.29,109.16 8 0
github.com/leonardovalentini/crypto-coins/crypto/app/app.go:109.16,111.3 1 0
github.com/leonardovalentini/crypto-coins/crypto/app/app.go:113.2,117.37 4 0
github.com/leonardovalentini/crypto-coins/crypto/app/app.go:117.37,119.3 1 0
github.com/leonardovalentini/crypto-coins/crypto/app/app.go:120.2,121.15 2 0
